This is pdfTeX, Version 3.14159265-2.6-1.40.16 (TeX Live 2015) (preloaded format=pdflatex 2016.3.1)  20 MAR 2016 17:05
entering extended mode
 restricted \write18 enabled.
 %&-line parsing enabled.
**dissertation.tex
(./dissertation.tex
LaTeX2e <2015/01/01>
Babel <3.9l> and hyphenation patterns for 79 languages loaded.
(./header.tex (./glasgowthesis.cls
Document Class: glasgowthesis 
(/usr/local/texlive/2015/texmf-dist/tex/latex/base/book.cls
Document Class: book 2014/09/29 v1.4h Standard LaTeX document class
(/usr/local/texlive/2015/texmf-dist/tex/latex/base/bk12.clo
File: bk12.clo 2014/09/29 v1.4h Standard LaTeX file (size option)
)
\c@part=\count79
\c@chapter=\count80
\c@section=\count81
\c@subsection=\count82
\c@subsubsection=\count83
\c@paragraph=\count84
\c@subparagraph=\count85
\c@figure=\count86
\c@table=\count87
\abovecaptionskip=\skip41
\belowcaptionskip=\skip42
\bibindent=\dimen102
)
(/usr/local/texlive/2015/texmf-dist/tex/generic/oberdiek/ifpdf.sty
Package: ifpdf 2011/01/30 v2.3 Provides the ifpdf switch (HO)
Package ifpdf Info: pdfTeX in PDF mode is detected.
)
(/usr/local/texlive/2015/texmf-dist/tex/latex/graphics/graphicx.sty
Package: graphicx 2014/10/28 v1.0g Enhanced LaTeX Graphics (DPC,SPQR)

(/usr/local/texlive/2015/texmf-dist/tex/latex/graphics/keyval.sty
Package: keyval 2014/10/28 v1.15 key=value parser (DPC)
\KV@toks@=\toks14
)
(/usr/local/texlive/2015/texmf-dist/tex/latex/graphics/graphics.sty
Package: graphics 2014/10/28 v1.0p Standard LaTeX Graphics (DPC,SPQR)

(/usr/local/texlive/2015/texmf-dist/tex/latex/graphics/trig.sty
Package: trig 1999/03/16 v1.09 sin cos tan (DPC)
)
(/usr/local/texlive/2015/texmf-dist/tex/latex/latexconfig/graphics.cfg
File: graphics.cfg 2010/04/23 v1.9 graphics configuration of TeX Live
)
Package graphics Info: Driver file: pdftex.def on input line 94.

(/usr/local/texlive/2015/texmf-dist/tex/latex/pdftex-def/pdftex.def
File: pdftex.def 2011/05/27 v0.06d Graphics/color for pdfTeX

(/usr/local/texlive/2015/texmf-dist/tex/generic/oberdiek/infwarerr.sty
Package: infwarerr 2010/04/08 v1.3 Providing info/warning/error messages (HO)
)
(/usr/local/texlive/2015/texmf-dist/tex/generic/oberdiek/ltxcmds.sty
Package: ltxcmds 2011/11/09 v1.22 LaTeX kernel commands for general use (HO)
)
\Gread@gobject=\count88
))
\Gin@req@height=\dimen103
\Gin@req@width=\dimen104
)
(/usr/local/texlive/2015/texmf-dist/tex/latex/psnfss/times.sty
Package: times 2005/04/12 PSNFSS-v9.2a (SPQR) 
)
(/usr/local/texlive/2015/texmf-dist/tex/latex/sectsty/sectsty.sty
Package: sectsty 2002/02/25 v2.0.2 Commands to change all sectional heading sty
les
)
(/usr/local/texlive/2015/texmf-dist/tex/latex/psnfss/helvet.sty
Package: helvet 2005/04/12 PSNFSS-v9.2a (WaS) 
)
(/usr/local/texlive/2015/texmf-dist/tex/latex/setspace/setspace.sty
Package: setspace 2011/12/19 v6.7a set line spacing
)
(/usr/local/texlive/2015/texmf-dist/tex/latex/fancyhdr/fancyhdr.sty
\fancy@headwidth=\skip43
\f@ncyO@elh=\skip44
\f@ncyO@erh=\skip45
\f@ncyO@olh=\skip46
\f@ncyO@orh=\skip47
\f@ncyO@elf=\skip48
\f@ncyO@erf=\skip49
\f@ncyO@olf=\skip50
\f@ncyO@orf=\skip51
)

Package Fancyhdr Warning: \fancyhead's `E' option without twoside option is use
less on input line 91.


Package Fancyhdr Warning: \fancyhead's `E' option without twoside option is use
less on input line 93.

) (/usr/local/texlive/2015/texmf-dist/tex/latex/url/url.sty
\Urlmuskip=\muskip10
Package: url 2013/09/16  ver 3.4  Verb mode for urls, etc.
)
(/usr/local/texlive/2015/texmf-dist/tex/latex/algorithms/algorithmic.sty
Package: algorithmic 2009/08/24 v0.1 Document Style `algorithmic'

(/usr/local/texlive/2015/texmf-dist/tex/latex/base/ifthen.sty
Package: ifthen 2014/09/29 v1.1c Standard LaTeX ifthen package (DPC)
)
\c@ALC@unique=\count89
\c@ALC@line=\count90
\c@ALC@rem=\count91
\c@ALC@depth=\count92
\ALC@tlm=\skip52
\algorithmicindent=\skip53
)
(/usr/local/texlive/2015/texmf-dist/tex/latex/algorithms/algorithm.sty
Package: algorithm 2009/08/24 v0.1 Document Style `algorithm' - floating enviro
nment

(/usr/local/texlive/2015/texmf-dist/tex/latex/float/float.sty
Package: float 2001/11/08 v1.3d Float enhancements (AL)
\c@float@type=\count93
\float@exts=\toks15
\float@box=\box26
\@float@everytoks=\toks16
\@floatcapt=\box27
)
\@float@every@algorithm=\toks17
\c@algorithm=\count94
)
(/usr/local/texlive/2015/texmf-dist/tex/latex/mcaption/mcaption.sty
Package: mcaption 2009/03/13 v3.0 Put captions into the outer document margin (
SH)

(/usr/local/texlive/2015/texmf-dist/tex/latex/changepage/changepage.sty
Package: changepage 2009/10/20 v1.0c check page and change page layout
\c@cp@cntr=\count95
\cp@tempcnt=\count96
)
\margincapsep=\skip54
\mcaption@ObjectBox=\box28
\mcaption@CaptionBox=\box29
)
(/usr/local/texlive/2015/texmf-dist/tex/latex/amsmath/amsmath.sty
Package: amsmath 2013/01/14 v2.14 AMS math features
\@mathmargin=\skip55

For additional information on amsmath, use the `?' option.
(/usr/local/texlive/2015/texmf-dist/tex/latex/amsmath/amstext.sty
Package: amstext 2000/06/29 v2.01

(/usr/local/texlive/2015/texmf-dist/tex/latex/amsmath/amsgen.sty
File: amsgen.sty 1999/11/30 v2.0
\@emptytoks=\toks18
\ex@=\dimen105
))
(/usr/local/texlive/2015/texmf-dist/tex/latex/amsmath/amsbsy.sty
Package: amsbsy 1999/11/29 v1.2d
\pmbraise@=\dimen106
)
(/usr/local/texlive/2015/texmf-dist/tex/latex/amsmath/amsopn.sty
Package: amsopn 1999/12/14 v2.01 operator names
)
\inf@bad=\count97
LaTeX Info: Redefining \frac on input line 210.
\uproot@=\count98
\leftroot@=\count99
LaTeX Info: Redefining \overline on input line 306.
\classnum@=\count100
\DOTSCASE@=\count101
LaTeX Info: Redefining \ldots on input line 378.
LaTeX Info: Redefining \dots on input line 381.
LaTeX Info: Redefining \cdots on input line 466.
\Mathstrutbox@=\box30
\strutbox@=\box31
\big@size=\dimen107
LaTeX Font Info:    Redeclaring font encoding OML on input line 566.
LaTeX Font Info:    Redeclaring font encoding OMS on input line 567.
\macc@depth=\count102
\c@MaxMatrixCols=\count103
\dotsspace@=\muskip11
\c@parentequation=\count104
\dspbrk@lvl=\count105
\tag@help=\toks19
\row@=\count106
\column@=\count107
\maxfields@=\count108
\andhelp@=\toks20
\eqnshift@=\dimen108
\alignsep@=\dimen109
\tagshift@=\dimen110
\tagwidth@=\dimen111
\totwidth@=\dimen112
\lineht@=\dimen113
\@envbody=\toks21
\multlinegap=\skip56
\multlinetaggap=\skip57
\mathdisplay@stack=\toks22
LaTeX Info: Redefining \[ on input line 2665.
LaTeX Info: Redefining \] on input line 2666.
)
(/usr/local/texlive/2015/texmf-dist/tex/latex/amsfonts/amssymb.sty
Package: amssymb 2013/01/14 v3.01 AMS font symbols

(/usr/local/texlive/2015/texmf-dist/tex/latex/amsfonts/amsfonts.sty
Package: amsfonts 2013/01/14 v3.01 Basic AMSFonts support
\symAMSa=\mathgroup4
\symAMSb=\mathgroup5
LaTeX Font Info:    Overwriting math alphabet `\mathfrak' in version `bold'
(Font)                  U/euf/m/n --> U/euf/b/n on input line 106.
))
(/usr/local/texlive/2015/texmf-dist/tex/latex/todonotes/todonotes.sty
Package: todonotes 2012/07/25 .dtx Todonotes source and documentation.
Package: todonotes 2012/07/25

(/usr/local/texlive/2015/texmf-dist/tex/latex/xkeyval/xkeyval.sty
Package: xkeyval 2014/12/03 v2.7a package option processing (HA)

(/usr/local/texlive/2015/texmf-dist/tex/generic/xkeyval/xkeyval.tex
(/usr/local/texlive/2015/texmf-dist/tex/generic/xkeyval/xkvutils.tex
\XKV@toks=\toks23
\XKV@tempa@toks=\toks24
)
\XKV@depth=\count109
File: xkeyval.tex 2014/12/03 v2.7a key=value parser (HA)
))
(/usr/local/texlive/2015/texmf-dist/tex/latex/xcolor/xcolor.sty
Package: xcolor 2007/01/21 v2.11 LaTeX color extensions (UK)

(/usr/local/texlive/2015/texmf-dist/tex/latex/latexconfig/color.cfg
File: color.cfg 2007/01/18 v1.5 color configuration of teTeX/TeXLive
)
Package xcolor Info: Driver file: pdftex.def on input line 225.
Package xcolor Info: Model `cmy' substituted by `cmy0' on input line 1337.
Package xcolor Info: Model `hsb' substituted by `rgb' on input line 1341.
Package xcolor Info: Model `RGB' extended on input line 1353.
Package xcolor Info: Model `HTML' substituted by `rgb' on input line 1355.
Package xcolor Info: Model `Hsb' substituted by `hsb' on input line 1356.
Package xcolor Info: Model `tHsb' substituted by `hsb' on input line 1357.
Package xcolor Info: Model `HSB' substituted by `hsb' on input line 1358.
Package xcolor Info: Model `Gray' substituted by `gray' on input line 1359.
Package xcolor Info: Model `wave' substituted by `hsb' on input line 1360.
)
(/usr/local/texlive/2015/texmf-dist/tex/latex/pgf/frontendlayer/tikz.sty
(/usr/local/texlive/2015/texmf-dist/tex/latex/pgf/basiclayer/pgf.sty
(/usr/local/texlive/2015/texmf-dist/tex/latex/pgf/utilities/pgfrcs.sty
(/usr/local/texlive/2015/texmf-dist/tex/generic/pgf/utilities/pgfutil-common.te
x
\pgfutil@everybye=\toks25
\pgfutil@tempdima=\dimen114
\pgfutil@tempdimb=\dimen115

(/usr/local/texlive/2015/texmf-dist/tex/generic/pgf/utilities/pgfutil-common-li
sts.tex))
(/usr/local/texlive/2015/texmf-dist/tex/generic/pgf/utilities/pgfutil-latex.def
\pgfutil@abb=\box32
(/usr/local/texlive/2015/texmf-dist/tex/latex/ms/everyshi.sty
Package: everyshi 2001/05/15 v3.00 EveryShipout Package (MS)
))
(/usr/local/texlive/2015/texmf-dist/tex/generic/pgf/utilities/pgfrcs.code.tex
Package: pgfrcs 2013/12/20 v3.0.0 (rcs-revision 1.28)
))
Package: pgf 2013/12/18 v3.0.0 (rcs-revision 1.14)
(/usr/local/texlive/2015/texmf-dist/tex/latex/pgf/basiclayer/pgfcore.sty
(/usr/local/texlive/2015/texmf-dist/tex/latex/pgf/systemlayer/pgfsys.sty
(/usr/local/texlive/2015/texmf-dist/tex/generic/pgf/systemlayer/pgfsys.code.tex
Package: pgfsys 2013/11/30 v3.0.0 (rcs-revision 1.47)
(/usr/local/texlive/2015/texmf-dist/tex/generic/pgf/utilities/pgfkeys.code.tex
\pgfkeys@pathtoks=\toks26
\pgfkeys@temptoks=\toks27

(/usr/local/texlive/2015/texmf-dist/tex/generic/pgf/utilities/pgfkeysfiltered.c
ode.tex
\pgfkeys@tmptoks=\toks28
))
\pgf@x=\dimen116
\pgf@y=\dimen117
\pgf@xa=\dimen118
\pgf@ya=\dimen119
\pgf@xb=\dimen120
\pgf@yb=\dimen121
\pgf@xc=\dimen122
\pgf@yc=\dimen123
\w@pgf@writea=\write3
\r@pgf@reada=\read1
\c@pgf@counta=\count110
\c@pgf@countb=\count111
\c@pgf@countc=\count112
\c@pgf@countd=\count113
\t@pgf@toka=\toks29
\t@pgf@tokb=\toks30
\t@pgf@tokc=\toks31

(/usr/local/texlive/2015/texmf-dist/tex/generic/pgf/systemlayer/pgf.cfg
File: pgf.cfg 2008/05/14  (rcs-revision 1.7)
)
Driver file for pgf: pgfsys-pdftex.def

(/usr/local/texlive/2015/texmf-dist/tex/generic/pgf/systemlayer/pgfsys-pdftex.d
ef
File: pgfsys-pdftex.def 2013/07/18  (rcs-revision 1.33)

(/usr/local/texlive/2015/texmf-dist/tex/generic/pgf/systemlayer/pgfsys-common-p
df.def
File: pgfsys-common-pdf.def 2013/10/10  (rcs-revision 1.13)
)))
(/usr/local/texlive/2015/texmf-dist/tex/generic/pgf/systemlayer/pgfsyssoftpath.
code.tex
File: pgfsyssoftpath.code.tex 2013/09/09  (rcs-revision 1.9)
\pgfsyssoftpath@smallbuffer@items=\count114
\pgfsyssoftpath@bigbuffer@items=\count115
)
(/usr/local/texlive/2015/texmf-dist/tex/generic/pgf/systemlayer/pgfsysprotocol.
code.tex
File: pgfsysprotocol.code.tex 2006/10/16  (rcs-revision 1.4)
))
(/usr/local/texlive/2015/texmf-dist/tex/generic/pgf/basiclayer/pgfcore.code.tex
Package: pgfcore 2010/04/11 v3.0.0 (rcs-revision 1.7)
(/usr/local/texlive/2015/texmf-dist/tex/generic/pgf/math/pgfmath.code.tex
(/usr/local/texlive/2015/texmf-dist/tex/generic/pgf/math/pgfmathcalc.code.tex
(/usr/local/texlive/2015/texmf-dist/tex/generic/pgf/math/pgfmathutil.code.tex)
(/usr/local/texlive/2015/texmf-dist/tex/generic/pgf/math/pgfmathparser.code.tex
\pgfmath@dimen=\dimen124
\pgfmath@count=\count116
\pgfmath@box=\box33
\pgfmath@toks=\toks32
\pgfmath@stack@operand=\toks33
\pgfmath@stack@operation=\toks34
)
(/usr/local/texlive/2015/texmf-dist/tex/generic/pgf/math/pgfmathfunctions.code.
tex
(/usr/local/texlive/2015/texmf-dist/tex/generic/pgf/math/pgfmathfunctions.basic
.code.tex)
(/usr/local/texlive/2015/texmf-dist/tex/generic/pgf/math/pgfmathfunctions.trigo
nometric.code.tex)
(/usr/local/texlive/2015/texmf-dist/tex/generic/pgf/math/pgfmathfunctions.rando
m.code.tex)
(/usr/local/texlive/2015/texmf-dist/tex/generic/pgf/math/pgfmathfunctions.compa
rison.code.tex)
(/usr/local/texlive/2015/texmf-dist/tex/generic/pgf/math/pgfmathfunctions.base.
code.tex)
(/usr/local/texlive/2015/texmf-dist/tex/generic/pgf/math/pgfmathfunctions.round
.code.tex)
(/usr/local/texlive/2015/texmf-dist/tex/generic/pgf/math/pgfmathfunctions.misc.
code.tex)
(/usr/local/texlive/2015/texmf-dist/tex/generic/pgf/math/pgfmathfunctions.integ
erarithmetics.code.tex)))
(/usr/local/texlive/2015/texmf-dist/tex/generic/pgf/math/pgfmathfloat.code.tex
\c@pgfmathroundto@lastzeros=\count117
))
(/usr/local/texlive/2015/texmf-dist/tex/generic/pgf/basiclayer/pgfcorepoints.co
de.tex
File: pgfcorepoints.code.tex 2013/10/07  (rcs-revision 1.27)
\pgf@picminx=\dimen125
\pgf@picmaxx=\dimen126
\pgf@picminy=\dimen127
\pgf@picmaxy=\dimen128
\pgf@pathminx=\dimen129
\pgf@pathmaxx=\dimen130
\pgf@pathminy=\dimen131
\pgf@pathmaxy=\dimen132
\pgf@xx=\dimen133
\pgf@xy=\dimen134
\pgf@yx=\dimen135
\pgf@yy=\dimen136
\pgf@zx=\dimen137
\pgf@zy=\dimen138
)
(/usr/local/texlive/2015/texmf-dist/tex/generic/pgf/basiclayer/pgfcorepathconst
ruct.code.tex
File: pgfcorepathconstruct.code.tex 2013/10/07  (rcs-revision 1.29)
\pgf@path@lastx=\dimen139
\pgf@path@lasty=\dimen140
)
(/usr/local/texlive/2015/texmf-dist/tex/generic/pgf/basiclayer/pgfcorepathusage
.code.tex
File: pgfcorepathusage.code.tex 2013/12/13  (rcs-revision 1.23)
\pgf@shorten@end@additional=\dimen141
\pgf@shorten@start@additional=\dimen142
)
(/usr/local/texlive/2015/texmf-dist/tex/generic/pgf/basiclayer/pgfcorescopes.co
de.tex
File: pgfcorescopes.code.tex 2013/10/09  (rcs-revision 1.44)
\pgfpic=\box34
\pgf@hbox=\box35
\pgf@layerbox@main=\box36
\pgf@picture@serial@count=\count118
)
(/usr/local/texlive/2015/texmf-dist/tex/generic/pgf/basiclayer/pgfcoregraphicst
ate.code.tex
File: pgfcoregraphicstate.code.tex 2013/09/19  (rcs-revision 1.11)
\pgflinewidth=\dimen143
)
(/usr/local/texlive/2015/texmf-dist/tex/generic/pgf/basiclayer/pgfcoretransform
ations.code.tex
File: pgfcoretransformations.code.tex 2013/10/10  (rcs-revision 1.17)
\pgf@pt@x=\dimen144
\pgf@pt@y=\dimen145
\pgf@pt@temp=\dimen146
)
(/usr/local/texlive/2015/texmf-dist/tex/generic/pgf/basiclayer/pgfcorequick.cod
e.tex
File: pgfcorequick.code.tex 2008/10/09  (rcs-revision 1.3)
)
(/usr/local/texlive/2015/texmf-dist/tex/generic/pgf/basiclayer/pgfcoreobjects.c
ode.tex
File: pgfcoreobjects.code.tex 2006/10/11  (rcs-revision 1.2)
)
(/usr/local/texlive/2015/texmf-dist/tex/generic/pgf/basiclayer/pgfcorepathproce
ssing.code.tex
File: pgfcorepathprocessing.code.tex 2013/09/09  (rcs-revision 1.9)
)
(/usr/local/texlive/2015/texmf-dist/tex/generic/pgf/basiclayer/pgfcorearrows.co
de.tex
File: pgfcorearrows.code.tex 2013/11/07  (rcs-revision 1.40)
\pgfarrowsep=\dimen147
)
(/usr/local/texlive/2015/texmf-dist/tex/generic/pgf/basiclayer/pgfcoreshade.cod
e.tex
File: pgfcoreshade.code.tex 2013/07/15  (rcs-revision 1.15)
\pgf@max=\dimen148
\pgf@sys@shading@range@num=\count119
)
(/usr/local/texlive/2015/texmf-dist/tex/generic/pgf/basiclayer/pgfcoreimage.cod
e.tex
File: pgfcoreimage.code.tex 2013/07/15  (rcs-revision 1.18)

(/usr/local/texlive/2015/texmf-dist/tex/generic/pgf/basiclayer/pgfcoreexternal.
code.tex
File: pgfcoreexternal.code.tex 2013/07/15  (rcs-revision 1.20)
\pgfexternal@startupbox=\box37
))
(/usr/local/texlive/2015/texmf-dist/tex/generic/pgf/basiclayer/pgfcorelayers.co
de.tex
File: pgfcorelayers.code.tex 2013/07/18  (rcs-revision 1.7)
)
(/usr/local/texlive/2015/texmf-dist/tex/generic/pgf/basiclayer/pgfcoretranspare
ncy.code.tex
File: pgfcoretransparency.code.tex 2013/09/30  (rcs-revision 1.5)
)
(/usr/local/texlive/2015/texmf-dist/tex/generic/pgf/basiclayer/pgfcorepatterns.
code.tex
File: pgfcorepatterns.code.tex 2013/11/07  (rcs-revision 1.5)
)))
(/usr/local/texlive/2015/texmf-dist/tex/generic/pgf/modules/pgfmoduleshapes.cod
e.tex
File: pgfmoduleshapes.code.tex 2013/10/31  (rcs-revision 1.34)
\pgfnodeparttextbox=\box38
)
(/usr/local/texlive/2015/texmf-dist/tex/generic/pgf/modules/pgfmoduleplot.code.
tex
File: pgfmoduleplot.code.tex 2013/07/31  (rcs-revision 1.12)
)
(/usr/local/texlive/2015/texmf-dist/tex/latex/pgf/compatibility/pgfcomp-version
-0-65.sty
Package: pgfcomp-version-0-65 2007/07/03 v3.0.0 (rcs-revision 1.7)
\pgf@nodesepstart=\dimen149
\pgf@nodesepend=\dimen150
)
(/usr/local/texlive/2015/texmf-dist/tex/latex/pgf/compatibility/pgfcomp-version
-1-18.sty
Package: pgfcomp-version-1-18 2007/07/23 v3.0.0 (rcs-revision 1.1)
))
(/usr/local/texlive/2015/texmf-dist/tex/latex/pgf/utilities/pgffor.sty
(/usr/local/texlive/2015/texmf-dist/tex/latex/pgf/utilities/pgfkeys.sty
(/usr/local/texlive/2015/texmf-dist/tex/generic/pgf/utilities/pgfkeys.code.tex)
) (/usr/local/texlive/2015/texmf-dist/tex/latex/pgf/math/pgfmath.sty
(/usr/local/texlive/2015/texmf-dist/tex/generic/pgf/math/pgfmath.code.tex))
(/usr/local/texlive/2015/texmf-dist/tex/generic/pgf/utilities/pgffor.code.tex
Package: pgffor 2013/12/13 v3.0.0 (rcs-revision 1.25)

(/usr/local/texlive/2015/texmf-dist/tex/generic/pgf/math/pgfmath.code.tex)
\pgffor@iter=\dimen151
\pgffor@skip=\dimen152
\pgffor@stack=\toks35
\pgffor@toks=\toks36
))
(/usr/local/texlive/2015/texmf-dist/tex/generic/pgf/frontendlayer/tikz/tikz.cod
e.tex
Package: tikz 2013/12/13 v3.0.0 (rcs-revision 1.142)

(/usr/local/texlive/2015/texmf-dist/tex/generic/pgf/libraries/pgflibraryplothan
dlers.code.tex
File: pgflibraryplothandlers.code.tex 2013/08/31 v3.0.0 (rcs-revision 1.20)
\pgf@plot@mark@count=\count120
\pgfplotmarksize=\dimen153
)
\tikz@lastx=\dimen154
\tikz@lasty=\dimen155
\tikz@lastxsaved=\dimen156
\tikz@lastysaved=\dimen157
\tikzleveldistance=\dimen158
\tikzsiblingdistance=\dimen159
\tikz@figbox=\box39
\tikz@figbox@bg=\box40
\tikz@tempbox=\box41
\tikz@tempbox@bg=\box42
\tikztreelevel=\count121
\tikznumberofchildren=\count122
\tikznumberofcurrentchild=\count123
\tikz@fig@count=\count124

(/usr/local/texlive/2015/texmf-dist/tex/generic/pgf/modules/pgfmodulematrix.cod
e.tex
File: pgfmodulematrix.code.tex 2013/09/17  (rcs-revision 1.8)
\pgfmatrixcurrentrow=\count125
\pgfmatrixcurrentcolumn=\count126
\pgf@matrix@numberofcolumns=\count127
)
\tikz@expandcount=\count128

(/usr/local/texlive/2015/texmf-dist/tex/generic/pgf/frontendlayer/tikz/librarie
s/tikzlibrarytopaths.code.tex
File: tikzlibrarytopaths.code.tex 2008/06/17 v3.0.0 (rcs-revision 1.2)
)))
(/usr/local/texlive/2015/texmf-dist/tex/generic/pgf/frontendlayer/tikz/librarie
s/tikzlibrarypositioning.code.tex
File: tikzlibrarypositioning.code.tex 2008/10/06 v3.0.0 (rcs-revision 1.7)
)
(/usr/local/texlive/2015/texmf-dist/tex/latex/tools/calc.sty
Package: calc 2014/10/28 v4.3 Infix arithmetic (KKT,FJ)
\calc@Acount=\count129
\calc@Bcount=\count130
\calc@Adimen=\dimen160
\calc@Bdimen=\dimen161
\calc@Askip=\skip58
\calc@Bskip=\skip59
LaTeX Info: Redefining \setlength on input line 80.
LaTeX Info: Redefining \addtolength on input line 81.
\calc@Ccount=\count131
\calc@Cskip=\skip60
)
\c@@todonotes@numberoftodonotes=\count132
)
(/usr/local/texlive/2015/texmf-dist/tex/latex/hyperref/hyperref.sty
Package: hyperref 2012/11/06 v6.83m Hypertext links for LaTeX

(/usr/local/texlive/2015/texmf-dist/tex/generic/oberdiek/hobsub-hyperref.sty
Package: hobsub-hyperref 2012/05/28 v1.13 Bundle oberdiek, subset hyperref (HO)


(/usr/local/texlive/2015/texmf-dist/tex/generic/oberdiek/hobsub-generic.sty
Package: hobsub-generic 2012/05/28 v1.13 Bundle oberdiek, subset generic (HO)
Package: hobsub 2012/05/28 v1.13 Construct package bundles (HO)
Package hobsub Info: Skipping package `infwarerr' (already loaded).
Package hobsub Info: Skipping package `ltxcmds' (already loaded).
Package: ifluatex 2010/03/01 v1.3 Provides the ifluatex switch (HO)
Package ifluatex Info: LuaTeX not detected.
Package: ifvtex 2010/03/01 v1.5 Detect VTeX and its facilities (HO)
Package ifvtex Info: VTeX not detected.
Package: intcalc 2007/09/27 v1.1 Expandable calculations with integers (HO)
Package hobsub Info: Skipping package `ifpdf' (already loaded).
Package: etexcmds 2011/02/16 v1.5 Avoid name clashes with e-TeX commands (HO)
Package etexcmds Info: Could not find \expanded.
(etexcmds)             That can mean that you are not using pdfTeX 1.50 or
(etexcmds)             that some package has redefined \expanded.
(etexcmds)             In the latter case, load this package earlier.
Package: kvsetkeys 2012/04/25 v1.16 Key value parser (HO)
Package: kvdefinekeys 2011/04/07 v1.3 Define keys (HO)
Package: pdftexcmds 2011/11/29 v0.20 Utility functions of pdfTeX for LuaTeX (HO
)
Package pdftexcmds Info: LuaTeX not detected.
Package pdftexcmds Info: \pdf@primitive is available.
Package pdftexcmds Info: \pdf@ifprimitive is available.
Package pdftexcmds Info: \pdfdraftmode found.
Package: pdfescape 2011/11/25 v1.13 Implements pdfTeX's escape features (HO)
Package: bigintcalc 2012/04/08 v1.3 Expandable calculations on big integers (HO
)
Package: bitset 2011/01/30 v1.1 Handle bit-vector datatype (HO)
Package: uniquecounter 2011/01/30 v1.2 Provide unlimited unique counter (HO)
)
Package hobsub Info: Skipping package `hobsub' (already loaded).
Package: letltxmacro 2010/09/02 v1.4 Let assignment for LaTeX macros (HO)
Package: hopatch 2012/05/28 v1.2 Wrapper for package hooks (HO)
Package: xcolor-patch 2011/01/30 xcolor patch
Package: atveryend 2011/06/30 v1.8 Hooks at the very end of document (HO)
Package atveryend Info: \enddocument detected (standard20110627).
Package: atbegshi 2011/10/05 v1.16 At begin shipout hook (HO)
Package: refcount 2011/10/16 v3.4 Data extraction from label references (HO)
Package: hycolor 2011/01/30 v1.7 Color options for hyperref/bookmark (HO)
)
(/usr/local/texlive/2015/texmf-dist/tex/generic/ifxetex/ifxetex.sty
Package: ifxetex 2010/09/12 v0.6 Provides ifxetex conditional
)
(/usr/local/texlive/2015/texmf-dist/tex/latex/oberdiek/auxhook.sty
Package: auxhook 2011/03/04 v1.3 Hooks for auxiliary files (HO)
)
(/usr/local/texlive/2015/texmf-dist/tex/latex/oberdiek/kvoptions.sty
Package: kvoptions 2011/06/30 v3.11 Key value format for package options (HO)
)
\@linkdim=\dimen162
\Hy@linkcounter=\count133
\Hy@pagecounter=\count134

(/usr/local/texlive/2015/texmf-dist/tex/latex/hyperref/pd1enc.def
File: pd1enc.def 2012/11/06 v6.83m Hyperref: PDFDocEncoding definition (HO)
)
\Hy@SavedSpaceFactor=\count135

(/usr/local/texlive/2015/texmf-dist/tex/latex/latexconfig/hyperref.cfg
File: hyperref.cfg 2002/06/06 v1.2 hyperref configuration of TeXLive
)
Package hyperref Info: Hyper figures OFF on input line 4443.
Package hyperref Info: Link nesting OFF on input line 4448.
Package hyperref Info: Hyper index ON on input line 4451.
Package hyperref Info: Plain pages OFF on input line 4458.
Package hyperref Info: Backreferencing OFF on input line 4463.
Package hyperref Info: Implicit mode ON; LaTeX internals redefined.
Package hyperref Info: Bookmarks ON on input line 4688.
\c@Hy@tempcnt=\count136
LaTeX Info: Redefining \url on input line 5041.
\XeTeXLinkMargin=\dimen163
\Fld@menulength=\count137
\Field@Width=\dimen164
\Fld@charsize=\dimen165
Package hyperref Info: Hyper figures OFF on input line 6295.
Package hyperref Info: Link nesting OFF on input line 6300.
Package hyperref Info: Hyper index ON on input line 6303.
Package hyperref Info: backreferencing OFF on input line 6310.
Package hyperref Info: Link coloring OFF on input line 6315.
Package hyperref Info: Link coloring with OCG OFF on input line 6320.
Package hyperref Info: PDF/A mode OFF on input line 6325.
LaTeX Info: Redefining \ref on input line 6365.
LaTeX Info: Redefining \pageref on input line 6369.
\Hy@abspage=\count138
\c@Item=\count139
\c@Hfootnote=\count140
)

Package hyperref Message: Driver (autodetected): hpdftex.

(/usr/local/texlive/2015/texmf-dist/tex/latex/hyperref/hpdftex.def
File: hpdftex.def 2012/11/06 v6.83m Hyperref driver for pdfTeX
\Fld@listcount=\count141
\c@bookmark@seq@number=\count142

(/usr/local/texlive/2015/texmf-dist/tex/latex/oberdiek/rerunfilecheck.sty
Package: rerunfilecheck 2011/04/15 v1.7 Rerun checks for auxiliary files (HO)
Package uniquecounter Info: New unique counter `rerunfilecheck' on input line 2
82.
)
\Hy@SectionHShift=\skip61
)
(/usr/local/texlive/2015/texmf-dist/tex/latex/breqn/breqn.sty
(/usr/local/texlive/2015/texmf-dist/tex/latex/l3kernel/expl3.sty
Package: expl3 2015/03/01 v5547 L3 programming layer (loader) 

(/usr/local/texlive/2015/texmf-dist/tex/latex/l3kernel/expl3-code.tex
Package: expl3 2015/03/01 v5547 L3 programming layer (code) 
L3 Module: l3bootstrap 2015/02/28 v5542 L3 Bootstrap code
L3 Module: l3names 2015/02/24 v5535 L3 Namespace for primitives
L3 Module: l3basics 2015/01/27 v5500 L3 Basic definitions
L3 Module: l3expan 2014/11/27 v5472 L3 Argument expansion
L3 Module: l3tl 2015/01/27 v5500 L3 Token lists
L3 Module: l3str 2015/03/01 v5545 L3 Strings
L3 Module: l3seq 2014/08/23 v5354 L3 Sequences and stacks
L3 Module: l3int 2015/02/21 v5529 L3 Integers
\c_max_int=\count143
\l_tmpa_int=\count144
\l_tmpb_int=\count145
\g_tmpa_int=\count146
\g_tmpb_int=\count147
L3 Module: l3quark 2014/08/23 v5354 L3 Quarks
L3 Module: l3prg 2014/08/23 v5354 L3 Control structures
\g__prg_map_int=\count148
L3 Module: l3clist 2014/08/23 v5354 L3 Comma separated lists
L3 Module: l3token 2014/09/15 v5422 L3 Experimental token manipulation
L3 Module: l3prop 2014/08/23 v5354 L3 Property lists
L3 Module: l3msg 2015/02/26 v5537 L3 Messages
L3 Module: l3file 2014/08/24 v5369 L3 File and I/O operations
\l_iow_line_count_int=\count149
\l__iow_target_count_int=\count150
\l__iow_current_line_int=\count151
\l__iow_current_word_int=\count152
\l__iow_current_indentation_int=\count153
L3 Module: l3skip 2014/08/23 v5354 L3 Dimensions and skips
\c_zero_dim=\dimen166
\c_max_dim=\dimen167
\l_tmpa_dim=\dimen168
\l_tmpb_dim=\dimen169
\g_tmpa_dim=\dimen170
\g_tmpb_dim=\dimen171
\c_zero_skip=\skip62
\c_max_skip=\skip63
\l_tmpa_skip=\skip64
\l_tmpb_skip=\skip65
\g_tmpa_skip=\skip66
\g_tmpb_skip=\skip67
\c_zero_muskip=\muskip12
\c_max_muskip=\muskip13
\l_tmpa_muskip=\muskip14
\l_tmpb_muskip=\muskip15
\g_tmpa_muskip=\muskip16
\g_tmpb_muskip=\muskip17
L3 Module: l3keys 2015/01/27 v5500 L3 Key-value interfaces
\g__keyval_level_int=\count154
\l_keys_choice_int=\count155
L3 Module: l3fp 2014/08/22 v5336 L3 Floating points
\c__fp_leading_shift_int=\count156
\c__fp_middle_shift_int=\count157
\c__fp_trailing_shift_int=\count158
\c__fp_big_leading_shift_int=\count159
\c__fp_big_middle_shift_int=\count160
\c__fp_big_trailing_shift_int=\count161
\c__fp_Bigg_leading_shift_int=\count162
\c__fp_Bigg_middle_shift_int=\count163
\c__fp_Bigg_trailing_shift_int=\count164
L3 Module: l3box 2014/08/23 v5354 L3 Experimental boxes
\c_empty_box=\box43
\l_tmpa_box=\box44
\l_tmpb_box=\box45
\g_tmpa_box=\box46
\g_tmpb_box=\box47
L3 Module: l3coffins 2014/08/23 v5354 L3 Coffin code layer
\l__coffin_internal_box=\box48
\l__coffin_internal_dim=\dimen172
\l__coffin_offset_x_dim=\dimen173
\l__coffin_offset_y_dim=\dimen174
\l__coffin_x_dim=\dimen175
\l__coffin_y_dim=\dimen176
\l__coffin_x_prime_dim=\dimen177
\l__coffin_y_prime_dim=\dimen178
\c_empty_coffin=\box49
\l__coffin_aligned_coffin=\box50
\l__coffin_aligned_internal_coffin=\box51
\l_tmpa_coffin=\box52
\l_tmpb_coffin=\box53
\l__coffin_display_coffin=\box54
\l__coffin_display_coord_coffin=\box55
\l__coffin_display_pole_coffin=\box56
\l__coffin_display_offset_dim=\dimen179
\l__coffin_display_x_dim=\dimen180
\l__coffin_display_y_dim=\dimen181
L3 Module: l3color 2014/08/23 v5354 L3 Experimental color support
L3 Module: l3candidates 2015/03/01 v5544 L3 Experimental additions to l3kernel
\l__box_top_dim=\dimen182
\l__box_bottom_dim=\dimen183
\l__box_left_dim=\dimen184
\l__box_right_dim=\dimen185
\l__box_top_new_dim=\dimen186
\l__box_bottom_new_dim=\dimen187
\l__box_left_new_dim=\dimen188
\l__box_right_new_dim=\dimen189
\l__box_internal_box=\box57
\l__coffin_bounding_shift_dim=\dimen190
\l__coffin_left_corner_dim=\dimen191
\l__coffin_right_corner_dim=\dimen192
\l__coffin_bottom_corner_dim=\dimen193
\l__coffin_top_corner_dim=\dimen194
\l__coffin_scaled_total_height_dim=\dimen195
\l__coffin_scaled_width_dim=\dimen196
)
(/usr/local/texlive/2015/texmf-dist/tex/latex/l3kernel/l3unicode-data.def
File: l3unicode-data.def 2015/03/01 v5544 L3 Unicode data
)
(/usr/local/texlive/2015/texmf-dist/tex/latex/l3kernel/l3pdfmode.def
File: l3pdfmode.def 2015/03/01 v5544 L3 Experimental driver: PDF mode
\l__driver_color_stack_int=\count165
))
Package: breqn 2012/05/10 v0.98b Breaking equations

(/usr/local/texlive/2015/texmf-dist/tex/latex/breqn/flexisym.sty
Package: flexisym 2013/03/16 v0.97c Make math characters macros
LaTeX Info: Redefining \textprime on input line 299.
LaTeX Info: Redefining \not on input line 357.

(/usr/local/texlive/2015/texmf-dist/tex/latex/breqn/cmbase.sym
File: cmbase.sym 2007/12/19 v0.92
LaTeX Info: Redefining \hbar on input line 324.
LaTeX Info: Redefining \surd on input line 326.
LaTeX Info: Redefining \angle on input line 334.
LaTeX Info: Redefining \neq on input line 335.
LaTeX Info: Redefining \mapsto on input line 336.
LaTeX Info: Redefining \cong on input line 337.
LaTeX Info: Redefining \notin on input line 340.
LaTeX Info: Redefining \rightleftharpoons on input line 341.
LaTeX Info: Redefining \doteq on input line 342.
LaTeX Info: Redefining \hookrightarrow on input line 343.
LaTeX Info: Redefining \hookleftarrow on input line 344.
LaTeX Info: Redefining \bowtie on input line 345.
LaTeX Info: Redefining \models on input line 346.
LaTeX Info: Redefining \Longrightarrow on input line 347.
LaTeX Info: Redefining \longrightarrow on input line 348.
LaTeX Info: Redefining \Longleftarrow on input line 349.
LaTeX Info: Redefining \longleftarrow on input line 350.
LaTeX Info: Redefining \longmapsto on input line 351.
LaTeX Info: Redefining \longleftrightarrow on input line 352.
LaTeX Info: Redefining \Longleftrightarrow on input line 353.
LaTeX Info: Redefining \cdots on input line 357.
LaTeX Info: Redefining \vdots on input line 360.
LaTeX Info: Redefining \ddots on input line 365.
)
(/usr/local/texlive/2015/texmf-dist/tex/latex/breqn/mathstyle.sty
Package: mathstyle 2014/06/10 v0.90a Tracking mathstyle implicitly
LaTeX Info: Redefining \displaystyle on input line 82.
LaTeX Info: Redefining \textstyle on input line 84.
LaTeX Info: Redefining \scriptstyle on input line 86.
LaTeX Info: Redefining \scriptscriptstyle on input line 88.
LaTeX Info: Redefining \genfrac on input line 122.
))
\inf@bad=\count166
\maxint=\count167
\listwidth=\dimen197
\eqnumsep=\dimen198
\eqmargin=\dimen199
\eqlinespacing=\skip68
\eqlineskip=\skip69
\eqlineskiplimit=\dimen200
\eqbinoffset=\muskip18
\eqdelimoffset=\muskip19
\eqindentstep=\dimen201
\eqstyle=\toks37
\eqbreakdepth=\count168
\eqinterlinepenalty=\count169
\intereqpenalty=\count170
\intereqskip=\skip70
\prerelpenalty=\count171
\prebinoppenalty=\count172
\Dmedmuskip=\muskip20
\Dthickmuskip=\muskip21
\eqleftskip=\skip71
\eqrightskip=\skip72
\eq@vspan=\skip73
\eq@binoffset=\muskip22
\EQ@box=\box58
\EQ@copy=\box59
\EQ@numbox=\box60
\eq@wdNum=\dimen202
\GRP@numbox=\box61
\grp@wdNum=\dimen203
\eq@lines=\count173
\eq@curline=\count174
\eq@badness=\count175
\EQ@vims=\count176
\eq@dp=\dimen204
\eq@wdL=\dimen205
\eq@wdT=\dimen206
\eq@wdMin=\dimen207
\grp@wdL=\dimen208
\grp@wdR=\dimen209
\grp@wdT=\dimen210
\eq@wdRmax=\dimen211
\eq@firstht=\dimen212
\eq@wdCond=\dimen213
\eq@indentstep=\dimen214
\eq@linewidth=\dimen215
\grp@linewidth=\dimen216
\eq@hshift=\dimen217
\eq@given@sidespace=\dimen218
\mathindent=\dimen219
\eq@final@linecount=\count177
\eq@wdR=\dimen220
\EQ@continue=\toks38
\lr@level=\count178
\GRP@queue=\toks39
\GRP@box=\box62
\GRP@wholebox=\box63
\darraycolsep=\skip74
\cur@row=\count179
\cur@col=\count180
\conditionsep=\skip75
)
(./tikzlibrarybayesnet.code.tex
(/usr/local/texlive/2015/texmf-dist/tex/generic/pgf/frontendlayer/tikz/librarie
s/tikzlibraryshapes.code.tex
File: tikzlibraryshapes.code.tex 2008/01/09 v3.0.0 (rcs-revision 1.1)

(/usr/local/texlive/2015/texmf-dist/tex/generic/pgf/frontendlayer/tikz/librarie
s/tikzlibraryshapes.geometric.code.tex
File: tikzlibraryshapes.geometric.code.tex 2008/01/09 v3.0.0 (rcs-revision 1.1)


(/usr/local/texlive/2015/texmf-dist/tex/generic/pgf/libraries/shapes/pgflibrary
shapes.geometric.code.tex
File: pgflibraryshapes.geometric.code.tex 2008/06/26 v3.0.0 (rcs-revision 1.1)
))
(/usr/local/texlive/2015/texmf-dist/tex/generic/pgf/frontendlayer/tikz/librarie
s/tikzlibraryshapes.misc.code.tex
File: tikzlibraryshapes.misc.code.tex 2008/01/09 v3.0.0 (rcs-revision 1.1)

(/usr/local/texlive/2015/texmf-dist/tex/generic/pgf/libraries/shapes/pgflibrary
shapes.misc.code.tex
File: pgflibraryshapes.misc.code.tex 2013/07/18 v3.0.0 (rcs-revision 1.5)
))
(/usr/local/texlive/2015/texmf-dist/tex/generic/pgf/frontendlayer/tikz/librarie
s/tikzlibraryshapes.symbols.code.tex
File: tikzlibraryshapes.symbols.code.tex 2008/01/09 v3.0.0 (rcs-revision 1.1)

(/usr/local/texlive/2015/texmf-dist/tex/generic/pgf/libraries/shapes/pgflibrary
shapes.symbols.code.tex
File: pgflibraryshapes.symbols.code.tex 2013/09/11 v3.0.0 (rcs-revision 1.6)
))
(/usr/local/texlive/2015/texmf-dist/tex/generic/pgf/frontendlayer/tikz/librarie
s/tikzlibraryshapes.arrows.code.tex
File: tikzlibraryshapes.arrows.code.tex 2008/01/09 v3.0.0 (rcs-revision 1.1)

(/usr/local/texlive/2015/texmf-dist/tex/generic/pgf/libraries/shapes/pgflibrary
shapes.arrows.code.tex
File: pgflibraryshapes.arrows.code.tex 2008/06/26 v3.0.0 (rcs-revision 1.1)
))
(/usr/local/texlive/2015/texmf-dist/tex/generic/pgf/frontendlayer/tikz/librarie
s/tikzlibraryshapes.callouts.code.tex
(/usr/local/texlive/2015/texmf-dist/tex/generic/pgf/libraries/shapes/pgflibrary
shapes.callouts.code.tex))
(/usr/local/texlive/2015/texmf-dist/tex/generic/pgf/frontendlayer/tikz/librarie
s/tikzlibraryshapes.multipart.code.tex
File: tikzlibraryshapes.multipart.code.tex 2008/01/09 v3.0.0 (rcs-revision 1.1)


(/usr/local/texlive/2015/texmf-dist/tex/generic/pgf/libraries/shapes/pgflibrary
shapes.multipart.code.tex
File: pgflibraryshapes.multipart.code.tex 2010/01/07 v3.0.0 (rcs-revision 1.2)
\pgfnodepartlowerbox=\box64
\pgfnodeparttwobox=\box65
\pgfnodepartthreebox=\box66
\pgfnodepartfourbox=\box67
\pgfnodeparttwentybox=\box68
\pgfnodepartnineteenbox=\box69
\pgfnodeparteighteenbox=\box70
\pgfnodepartseventeenbox=\box71
\pgfnodepartsixteenbox=\box72
\pgfnodepartfifteenbox=\box73
\pgfnodepartfourteenbox=\box74
\pgfnodepartthirteenbox=\box75
\pgfnodeparttwelvebox=\box76
\pgfnodepartelevenbox=\box77
\pgfnodeparttenbox=\box78
\pgfnodepartninebox=\box79
\pgfnodeparteightbox=\box80
\pgfnodepartsevenbox=\box81
\pgfnodepartsixbox=\box82
\pgfnodepartfivebox=\box83
)))
(/usr/local/texlive/2015/texmf-dist/tex/generic/pgf/frontendlayer/tikz/librarie
s/tikzlibraryfit.code.tex
File: tikzlibraryfit.code.tex 2013/07/12 v3.0.0 (rcs-revision 1.5)
)
(/usr/local/texlive/2015/texmf-dist/tex/generic/pgf/frontendlayer/tikz/librarie
s/tikzlibrarychains.code.tex
File: tikzlibrarychains.code.tex 2013/07/15 v3.0.0 (rcs-revision 1.6)
)
(/usr/local/texlive/2015/texmf-dist/tex/generic/pgf/frontendlayer/tikz/librarie
s/tikzlibraryarrows.code.tex
File: tikzlibraryarrows.code.tex 2008/01/09 v3.0.0 (rcs-revision 1.1)

(/usr/local/texlive/2015/texmf-dist/tex/generic/pgf/libraries/pgflibraryarrows.
code.tex
File: pgflibraryarrows.code.tex 2013/09/23 v3.0.0 (rcs-revision 1.16)
\arrowsize=\dimen221
)))
(/usr/local/texlive/2015/texmf-dist/tex/latex/changebar/changebar.sty
Package: changebar 2005/09/18 v3.5c Indicate changes with marginal bars
\cb@nextpoint=\count181
\cb@topleft=\count182
\cb@topright=\count183
\cb@botleft=\count184
\cb@botright=\count185
\cb@cnta=\count186
\cb@cntb=\count187
\cb@dima=\dimen222
\cb@curbarwd=\dimen223
\cb@page=\count188
\cb@pagecount=\count189
\cb@odd@left=\dimen224
\cb@odd@right=\dimen225
\cb@even@left=\dimen226
\cb@even@right=\dimen227
\cb@writexy=\write4
\cb@readxy=\read2
\openout4 = `dissertation.cb2'.

\changebarwidth=\skip76
\deletebarwidth=\skip77
\changebarsep=\skip78
\c@changebargrey=\count190
\cb@write=\write5
\cb@read=\read3
\openout5 = `dissertation.cb'.

)
(/usr/local/texlive/2015/texmf-dist/tex/latex/soul/soul.sty
Package: soul 2003/11/17 v2.4 letterspacing/underlining (mf)
\SOUL@word=\toks40
\SOUL@lasttoken=\toks41
\SOUL@cmds=\toks42
\SOUL@buffer=\toks43
\SOUL@token=\toks44
\SOUL@spaceskip=\skip79
\SOUL@ttwidth=\dimen228
\SOUL@uldp=\dimen229
\SOUL@ulht=\dimen230
)
(/usr/local/texlive/2015/texmf-dist/tex/latex/multirow/multirow.sty
\bigstrutjot=\dimen231
)
(/usr/local/texlive/2015/texmf-dist/tex/latex/acronym/acronym.sty
Package: acronym 2015/03/21 v1.41 Support for acronyms (Tobias Oetiker)

(/usr/local/texlive/2015/texmf-dist/tex/latex/bigfoot/suffix.sty
Package: suffix 2006/07/15 1.5a Variant command support
)
(/usr/local/texlive/2015/texmf-dist/tex/generic/xstring/xstring.sty
(/usr/local/texlive/2015/texmf-dist/tex/generic/xstring/xstring.tex
\@xs@message=\write6
\integerpart=\count191
\decimalpart=\count192
)
Package: xstring 2013/10/13  v1.7c  String manipulations (C Tellechea)
)
\AC@clearlist=\toks45
)
(/usr/local/texlive/2015/texmf-dist/tex/latex/caption/subcaption.sty
Package: subcaption 2013/02/03 v1.1-62 Sub-captions (AR)

(/usr/local/texlive/2015/texmf-dist/tex/latex/caption/caption.sty
Package: caption 2013/05/02 v3.3-89 Customizing captions (AR)

(/usr/local/texlive/2015/texmf-dist/tex/latex/caption/caption3.sty
Package: caption3 2013/05/02 v1.6-88 caption3 kernel (AR)
Package caption3 Info: TeX engine: e-TeX on input line 57.
\captionmargin=\dimen232
\captionmargin@=\dimen233
\captionwidth=\dimen256
\caption@tempdima=\dimen257
\caption@indent=\dimen258
\caption@parindent=\dimen259
\caption@hangindent=\dimen260
)
\c@ContinuedFloat=\count193
Package caption Info: float package is loaded.
Package caption Info: hyperref package is loaded.
)
\c@subfigure=\count194
\c@subtable=\count195
)

Package Fancyhdr Warning: \fancyhead's `E' option without twoside option is use
less on input line 68.

(./dissertation.aux

LaTeX Warning: Label `tab:No.-of-features-metabolomic' multiply defined.


LaTeX Warning: Label `eq:table_likelihood' multiply defined.


LaTeX Warning: Label `sec:conc' multiply defined.


LaTeX Warning: Label `c:background' multiply defined.


LaTeX Warning: Label `fig:01' multiply defined.


LaTeX Warning: Label `c:background' multiply defined.


LaTeX Warning: Label `c:background' multiply defined.

)
\openout1 = `dissertation.aux'.

LaTeX Font Info:    Checking defaults for OML/cmm/m/it on input line 96.
LaTeX Font Info:    ... okay on input line 96.
LaTeX Font Info:    Checking defaults for T1/cmr/m/n on input line 96.
LaTeX Font Info:    ... okay on input line 96.
LaTeX Font Info:    Checking defaults for OT1/cmr/m/n on input line 96.
LaTeX Font Info:    ... okay on input line 96.
LaTeX Font Info:    Checking defaults for OMS/cmsy/m/n on input line 96.
LaTeX Font Info:    ... okay on input line 96.
LaTeX Font Info:    Checking defaults for OMX/cmex/m/n on input line 96.
LaTeX Font Info:    ... okay on input line 96.
LaTeX Font Info:    Checking defaults for U/cmr/m/n on input line 96.
LaTeX Font Info:    ... okay on input line 96.
LaTeX Font Info:    Checking defaults for PD1/pdf/m/n on input line 96.
LaTeX Font Info:    ... okay on input line 96.
LaTeX Font Info:    Try loading font information for OT1+ptm on input line 96.
 (/usr/local/texlive/2015/texmf-dist/tex/latex/psnfss/ot1ptm.fd
File: ot1ptm.fd 2001/06/04 font definitions for OT1/ptm.
)
(/usr/local/texlive/2015/texmf-dist/tex/context/base/supp-pdf.mkii
[Loading MPS to PDF converter (version 2006.09.02).]
\scratchcounter=\count196
\scratchdimen=\dimen261
\scratchbox=\box84
\nofMPsegments=\count197
\nofMParguments=\count198
\everyMPshowfont=\toks46
\MPscratchCnt=\count199
\MPscratchDim=\dimen262
\MPnumerator=\count200
\makeMPintoPDFobject=\count201
\everyMPtoPDFconversion=\toks47
) (/usr/local/texlive/2015/texmf-dist/tex/latex/oberdiek/epstopdf-base.sty
Package: epstopdf-base 2010/02/09 v2.5 Base part for package epstopdf

(/usr/local/texlive/2015/texmf-dist/tex/latex/oberdiek/grfext.sty
Package: grfext 2010/08/19 v1.1 Manage graphics extensions (HO)
)
Package grfext Info: Graphics extension search list:
(grfext)             [.png,.pdf,.jpg,.mps,.jpeg,.jbig2,.jb2,.PNG,.PDF,.JPG,.JPE
G,.JBIG2,.JB2,.eps]
(grfext)             \AppendGraphicsExtensions on input line 452.

(/usr/local/texlive/2015/texmf-dist/tex/latex/latexconfig/epstopdf-sys.cfg
File: epstopdf-sys.cfg 2010/07/13 v1.3 Configuration of (r)epstopdf for TeX Liv
e
))
ABD: EveryShipout initializing macros
\AtBeginShipoutBox=\box85
Package hyperref Info: Link coloring OFF on input line 96.

(/usr/local/texlive/2015/texmf-dist/tex/latex/hyperref/nameref.sty
Package: nameref 2012/10/27 v2.43 Cross-referencing by name of section

(/usr/local/texlive/2015/texmf-dist/tex/generic/oberdiek/gettitlestring.sty
Package: gettitlestring 2010/12/03 v1.4 Cleanup title references (HO)
)
\c@section@level=\count202
)
LaTeX Info: Redefining \ref on input line 96.
LaTeX Info: Redefining \pageref on input line 96.
LaTeX Info: Redefining \nameref on input line 96.

(./dissertation.out) (./dissertation.out)
\@outlinefile=\write7
\openout7 = `dissertation.out'.

Package caption Info: Begin \AtBeginDocument code.
Package caption Info: End \AtBeginDocument code.
LaTeX Font Info:    Try loading font information for OMS+ptm on input line 106.


(/usr/local/texlive/2015/texmf-dist/tex/latex/psnfss/omsptm.fd
File: omsptm.fd 
)
LaTeX Font Info:    Font shape `OMS/ptm/m/sc' in size <10.95> not available
(Font)              Font shape `OMS/cmsy/m/n' tried instead on input line 106.
LaTeX Font Info:    Font shape `OMS/ptm/m/n' in size <10.95> not available
(Font)              Font shape `OMS/cmsy/m/n' tried instead on input line 106.
 [1


{/usr/local/texlive/2015/texmf-var/fonts/map/pdftex/updmap/pdftex.map}] (./abst
ract.tex
LaTeX Font Info:    Font shape `OT1/ptm/bx/n' in size <12> not available
(Font)              Font shape `OT1/ptm/b/n' tried instead on input line 2.
)pdfTeX warning (ext4): destination with the same identifier (name{page.}) has 
been already used, duplicate ignored
<to be read again> 
                   \relax 
l.112 \newpage
               [1] (./acknowledgements.tex)pdfTeX warning (ext4): destination w
ith the same identifier (name{page.}) has been already used, duplicate ignored
<to be read again> 
                   \relax 
l.116 \newpage
               [2]pdfTeX warning (ext4): destination with the same identifier (
name{page.}) has been already used, duplicate ignored
<to be read again> 
                   \relax 
l.148 \tableofcontents
                       [3]
LaTeX Font Info:    Font shape `OT1/ptm/bx/n' in size <24.88> not available
(Font)              Font shape `OT1/ptm/b/n' tried instead on input line 148.
LaTeX Font Info:    Try loading font information for OT1+phv on input line 148.


(/usr/local/texlive/2015/texmf-dist/tex/latex/psnfss/ot1phv.fd
File: ot1phv.fd 2001/06/04 scalable font definitions for OT1/phv.
)
LaTeX Font Info:    Font shape `OT1/phv/bx/n' in size <24.88> not available
(Font)              Font shape `OT1/phv/b/n' tried instead on input line 148.

(./dissertation.toc
LaTeX Font Info:    Try loading font information for U+msa on input line 2.

(/usr/local/texlive/2015/texmf-dist/tex/latex/amsfonts/umsa.fd
File: umsa.fd 2013/01/14 v3.01 AMS symbols A
)
LaTeX Font Info:    Try loading font information for U+msb on input line 2.

(/usr/local/texlive/2015/texmf-dist/tex/latex/amsfonts/umsb.fd
File: umsb.fd 2013/01/14 v3.01 AMS symbols B
)pdfTeX warning (ext4): destination with the same identifier (name{page.}) has 
been already used, duplicate ignored
<to be read again> 
                   \relax 
l.24 ...mation into Peak Alignment}{25}{chapter.4}
                                                   [4

]pdfTeX warning (ext4): destination with the same identifier (name{page.}) has 
been already used, duplicate ignored
<to be read again> 
                   \relax 
l.62 ...{5.4.3}Running Time}{65}{subsection.5.4.3}
                                                   [5]pdfTeX warning (ext4): de
stination with the same identifier (name{page.}) has been already used, duplica
te ignored
<to be read again> 
                   \relax 
l.90 ...}Summary and Conclusions}{88}{section.8.3}
                                                   [6])
\tf@toc=\write8
\openout8 = `dissertation.toc'.

pdfTeX warning (ext4): destination with the same identifier (name{page.}) has b
een already used, duplicate ignored
<to be read again> 
                   \relax 
l.149 \listoftables
                    [7] (./dissertation.lot

LaTeX Warning: Citation `Tsai2013a' on page  undefined on input line 8.

)
\tf@lot=\write9
\openout9 = `dissertation.lot'.

pdfTeX warning (ext4): destination with the same identifier (name{page.}) has b
een already used, duplicate ignored
<to be read again> 
                   \relax 
l.150 \listoffigures
                     [8

] (./dissertation.lofpdfTeX warning (ext4): destination with the same identifie
r (name{page.}) has been already used, duplicate ignored
<to be read again> 
                   \relax 
l.10 ...ning sets.\relax }}{41}{figure.caption.33}
                                                   [9

]
Package acronym Info: Label `acro:RT' newly defined as it shall be overridden
although it is yet undefined on input line 13.


LaTeX Warning: Citation `Lee2013' on page  undefined on input line 15.


Overfull \hbox (1.89848pt too wide) in paragraph at lines 17--17
 [][] [][]\OT1/ptm/m/n/12 Precision-recall val-ues on the align-ment of 10 runs
 from the Gly-comic dataset 
 []


Overfull \hbox (4.55109pt too wide) in paragraph at lines 17--17
 \OT1/ptm/m/n/12 when $\OML/cmm/m/it/12 q$ \OT1/ptm/m/n/12 (the strict-ness of 
per-for-mance eval-u-a-tion as de-scribed in Sec-tion []5.3.2[]) 
 []

pdfTeX warning (ext4): destination with the same identifier (name{page.}) has b
een already used, duplicate ignored
<to be read again> 
                   \relax 
l.21 ...01}B \& C.\relax }}{70}{figure.caption.48}
                                                   [10]pdfTeX warning (ext4): d
estination with the same identifier (name{page.}) has been already used, duplic
ate ignored
<to be read again> 
                   \relax 
l.23 ...dard runs.\relax }}{83}{figure.caption.50}
                                                   [11])
\tf@lof=\write10
\openout10 = `dissertation.lof'.

pdfTeX warning (ext4): destination with the same identifier (name{page.}) has b
een already used, duplicate ignored
<to be read again> 
                   \relax 
l.153 \newpage
               [12]) (./dissertation.tdo)
\tf@tdo=\write11
\openout11 = `dissertation.tdo'.

 (./01-introduction/chapter_01.tex
[1

]
Chapter 1.
[2

]
LaTeX Font Info:    Font shape `OT1/ptm/bx/n' in size <17.28> not available
(Font)              Font shape `OT1/ptm/b/n' tried instead on input line 84.
LaTeX Font Info:    Font shape `OT1/phv/bx/n' in size <17.28> not available
(Font)              Font shape `OT1/phv/b/n' tried instead on input line 84.
) (./02-background/chapter_02.tex [3]
Chapter 2.
[4

]
Package hyperref Info: bookmark level for unknown todo defaults to 0 on input l
ine 16.
 [5] [6]
LaTeX Font Info:    Font shape `OT1/ptm/bx/n' in size <14.4> not available
(Font)              Font shape `OT1/ptm/b/n' tried instead on input line 41.
LaTeX Font Info:    Font shape `OT1/phv/bx/n' in size <14.4> not available
(Font)              Font shape `OT1/phv/b/n' tried instead on input line 41.
 [7] [8]
<02-background/figures/Fig-1.jpg, id=720, 605.26125pt x 207.77625pt>
File: 02-background/figures/Fig-1.jpg Graphic file (type jpg)

<use 02-background/figures/Fig-1.jpg>
Package pdftex.def Info: 02-background/figures/Fig-1.jpg used on input line 50.

(pdftex.def)             Requested size: 352.8155pt x 121.11584pt.

<02-background/figures/report_0001.png, id=721, 1215.54124pt x 493.845pt>
File: 02-background/figures/report_0001.png Graphic file (type png)

<use 02-background/figures/report_0001.png>
Package pdftex.def Info: 02-background/figures/report_0001.png used on input li
ne 58.
(pdftex.def)             Requested size: 330.76328pt x 134.37982pt.
 [9 <./02-background/figures/Fig-1.jpg> <./02-background/figures/report_0001.pn
g>]

LaTeX Warning: Citation `Smith2004' on page 10 undefined on input line 69.

[10] <02-background/figures/Drawing1.png, id=734, 700.86844pt x 308.65312pt>
File: 02-background/figures/Drawing1.png Graphic file (type png)

<use 02-background/figures/Drawing1.png>
Package pdftex.def Info: 02-background/figures/Drawing1.png used on input line 
77.
(pdftex.def)             Requested size: 441.01772pt x 194.22171pt.
 [11 <./02-background/figures/Drawing1.png>] [12] [13]

LaTeX Warning: Citation `Smith2006' on page 14 undefined on input line 98.

[14] [15]

LaTeX Warning: Citation `Heinonen2012' on page 16 undefined on input line 108.

[16]) [17] (./03-machine-learning/chapter_03.tex [18]
Chapter 3.
LaTeX Font Info:    Font shape `OT1/ptm/bx/it' in size <12> not available
(Font)              Font shape `OT1/ptm/b/it' tried instead on input line 4.
[19

] [20]
Overfull \hbox (6.14882pt too wide) in paragraph at lines 44--44
[]\OT1/phv/b/n/17.28 Hierarchical Dirich-let Pro-cess mix-ture model clus-
 []

[21]

LaTeX Warning: Citation `Teh2005' on page 22 undefined on input line 55.


LaTeX Warning: Citation `Blei2003' on page 22 undefined on input line 59.

[22]

LaTeX Warning: Reference `sec:Feature-Extraction' on page 23 undefined on input
 line 61.


LaTeX Warning: Reference `sec:Feature-Extraction' on page 23 undefined on input
 line 61.

) [23] (./04-matching/chapter_04.tex [24]
Chapter 4.

LaTeX Warning: Citation `Scheltema2009' on page 25 undefined on input line 8.

[25

]
Package epstopdf Info: Source file: <04-matching/figures/figure_1.eps>
(epstopdf)                    date: 2014-11-28 15:20:18
(epstopdf)                    size: 163516 bytes
(epstopdf)             Output file: <04-matching/figures/figure_1-eps-converted
-to.pdf>
(epstopdf)                    date: 2016-03-15 03:26:29
(epstopdf)                    size: 31011 bytes
(epstopdf)             Command: <repstopdf --outfile=04-matching/figures/figure
_1-eps-converted-to.pdf 04-matching/figures/figure_1.eps>
(epstopdf)             \includegraphics on input line 13.
Package epstopdf Info: Output file is already uptodate.

<04-matching/figures/figure_1-eps-converted-to.pdf, id=917, 733.74126pt x 218.8
175pt>
File: 04-matching/figures/figure_1-eps-converted-to.pdf Graphic file (type pdf)

 <use 04-matching/figures/figure_1-eps-converted-to.pdf>
Package pdftex.def Info: 04-matching/figures/figure_1-eps-converted-to.pdf used
 on input line 13.
(pdftex.def)             Requested size: 441.01772pt x 131.52188pt.
 [26 <./04-matching/figures/figure_1-eps-converted-to.pdf>] [27]
Overfull \hbox (0.1246pt too wide) in paragraph at lines 74--76
\OT1/ptm/m/n/12 where $\OML/cmm/m/it/12 D[]$ \OT1/ptm/m/n/12 is the max-i-mum c
om-puted dis-tance be-tween peaks in the two runs be-ing aligned.
 []

[28]
Package acronym Info: Label `acro:MW' newly defined as it shall be overridden
although it is yet undefined on input line 89.
Package acronym Info: Label `acro:MWG' newly defined as it shall be overridden
although it is yet undefined on input line 89.
Package acronym Info: Label `acro:MWM' newly defined as it shall be overridden
although it is yet undefined on input line 89.


LaTeX Warning: Citation `[' on page 29 undefined on input line 89.

[29]

LaTeX Warning: Citation `Gusfield1989' on page 30 undefined on input line 93.


LaTeX Warning: Citation `Kuhn1955' on page 30 undefined on input line 95.


LaTeX Warning: Citation `Maximum2011' on page 30 undefined on input line 95.

[30]

LaTeX Warning: Citation `Tsai2013a' on page 31 undefined on input line 101.


LaTeX Warning: Citation `Tsai2013a' on page 31 undefined on input line 101.

LaTeX Font Info:    Try loading font information for OML+ptm on input line 109.

(/usr/local/texlive/2015/texmf-dist/tex/latex/psnfss/omlptm.fd
File: omlptm.fd 
)
LaTeX Font Info:    Font shape `OML/ptm/m/n' in size <12> not available
(Font)              Font shape `OML/cmm/m/it' tried instead on input line 109.
 [31]

LaTeX Warning: Reference `tab:No.-of-features-P2' on page 32 undefined on input
 line 111.


LaTeX Warning: Citation `Scheltema2011' on page 32 undefined on input line 156.


[32]

LaTeX Warning: Reference `tab:List-of-common-adducts' on page 33 undefined on i
nput line 158.

[33]

LaTeX Warning: Citation `Tsai2013a' on page 34 undefined on input line 216.


LaTeX Warning: Citation `Tsai2013a' on page 34 undefined on input line 216.


Overfull \hbox (94.645pt too wide) in paragraph at lines 216--217
\OT1/ptm/m/n/12 [[]] pro-vides a gly-comic dataset con-tain-ing 23 runs, avail-
able from []http://omics.georgetown.edu/alignLCMS.html[]
 []


LaTeX Warning: Citation `Tsai2013a' on page 34 undefined on input line 218.


LaTeX Warning: Citation `Tsai2013a' on page 34 undefined on input line 254.


LaTeX Warning: Citation `Tsai2013a' on page 34 undefined on input line 254.

[34]
Package acronym Info: Label `acro:m/z' newly defined as it shall be overridden
although it is yet undefined on input line 259.
 [35]
LaTeX Font Info:    Font shape `OMS/ptm/m/n' in size <12> not available
(Font)              Font shape `OMS/cmsy/m/n' tried instead on input line 268.
 [36]
LaTeX Font Info:    Font shape `OT1/phv/bx/n' in size <12> not available
(Font)              Font shape `OT1/phv/b/n' tried instead on input line 280.
 [37]

LaTeX Warning: Reference `fig:single-fraction-results' on page 38 undefined on 
input line 299.

[38] [39] [40]
Package epstopdf Info: Source file: <04-matching/figures/figure_3.eps>
(epstopdf)                    date: 2014-11-27 19:40:45
(epstopdf)                    size: 12414 bytes
(epstopdf)             Output file: <04-matching/figures/figure_3-eps-converted
-to.pdf>
(epstopdf)                    date: 2016-03-15 03:38:32
(epstopdf)                    size: 8167 bytes
(epstopdf)             Command: <repstopdf --outfile=04-matching/figures/figure
_3-eps-converted-to.pdf 04-matching/figures/figure_3.eps>
(epstopdf)             \includegraphics on input line 446.
Package epstopdf Info: Output file is already uptodate.

<04-matching/figures/figure_3-eps-converted-to.pdf, id=1076, 463.7325pt x 366.3
6874pt>
File: 04-matching/figures/figure_3-eps-converted-to.pdf Graphic file (type pdf)

 <use 04-matching/figures/figure_3-eps-converted-to.pdf>
Package pdftex.def Info: 04-matching/figures/figure_3-eps-converted-to.pdf used
 on input line 446.
(pdftex.def)             Requested size: 286.65881pt x 226.47543pt.
Package epstopdf Info: Source file: <04-matching/figures/figure_4.eps>
(epstopdf)                    date: 2014-11-27 19:42:47
(epstopdf)                    size: 12090 bytes
(epstopdf)             Output file: <04-matching/figures/figure_4-eps-converted
-to.pdf>
(epstopdf)                    date: 2016-03-15 03:38:32
(epstopdf)                    size: 8074 bytes
(epstopdf)             Command: <repstopdf --outfile=04-matching/figures/figure
_4-eps-converted-to.pdf 04-matching/figures/figure_4.eps>
(epstopdf)             \includegraphics on input line 451.
Package epstopdf Info: Output file is already uptodate.

<04-matching/figures/figure_4-eps-converted-to.pdf, id=1077, 463.7325pt x 366.3
6874pt>
File: 04-matching/figures/figure_4-eps-converted-to.pdf Graphic file (type pdf)

 <use 04-matching/figures/figure_4-eps-converted-to.pdf>
Package pdftex.def Info: 04-matching/figures/figure_4-eps-converted-to.pdf used
 on input line 451.
(pdftex.def)             Requested size: 286.65881pt x 226.47543pt.


LaTeX Warning: `h' float specifier changed to `ht'.

[41 <./04-matching/figures/figure_3-eps-converted-to.pdf>] [42 <./04-matching/f
igures/figure_4-eps-converted-to.pdf>]
Package acronym Info: Label `acro:LC' newly defined as it shall be overridden
although it is yet undefined on input line 462.


LaTeX Warning: Citation `Rogers2012' on page 43 undefined on input line 464.


LaTeX Warning: Citation `Maximum2011' on page 43 undefined on input line 464.

[43]

LaTeX Warning: Citation `[' on page 44 undefined on input line 466.


LaTeX Warning: Citation `Tsai2013a' on page 44 undefined on input line 466.

) (./05-hdp/chapter_05.tex [44]
Chapter 5.

LaTeX Warning: Citation `DeSouza2006' on page 45 undefined on input line 8.


LaTeX Warning: Citation `DeSouza2006' on page 45 undefined on input line 8.


LaTeX Warning: Citation `DeSouza2006' on page 45 undefined on input line 8.


LaTeX Warning: Citation `Landan2009' on page 45 undefined on input line 10.


LaTeX Warning: Citation `Thompson1994' on page 45 undefined on input line 10.


LaTeX Warning: Citation `Notredame2000' on page 45 undefined on input line 10.


LaTeX Warning: Citation `Penn2010' on page 45 undefined on input line 10.


LaTeX Warning: Citation `Redelings2005' on page 45 undefined on input line 10.


LaTeX Warning: Citation `Bradley2009' on page 45 undefined on input line 10.

[45

]

LaTeX Warning: Citation `Melamud2010' on page 46 undefined on input line 12.


LaTeX Warning: Citation `Brodsky2010' on page 46 undefined on input line 12.


LaTeX Warning: Citation `[' on page 46 undefined on input line 14.


LaTeX Warning: Citation `[' on page 46 undefined on input line 14.


LaTeX Warning: Citation `Jeong2012' on page 46 undefined on input line 14.


LaTeX Warning: Citation `Jeong2012' on page 46 undefined on input line 14.


LaTeX Warning: Citation `GhanatBari2014b' on page 46 undefined on input line 14
.


LaTeX Warning: Citation `GhanatBari2014b' on page 46 undefined on input line 14
.

[46]
Package epstopdf Info: Source file: <05-hdp/figures/figure_1.eps>
(epstopdf)                    date: 2015-01-12 17:15:12
(epstopdf)                    size: 892652 bytes
(epstopdf)             Output file: <05-hdp/figures/figure_1-eps-converted-to.p
df>
(epstopdf)                    date: 2016-03-15 03:43:47
(epstopdf)                    size: 163841 bytes
(epstopdf)             Command: <repstopdf --outfile=05-hdp/figures/figure_1-ep
s-converted-to.pdf 05-hdp/figures/figure_1.eps>
(epstopdf)             \includegraphics on input line 19.
Package epstopdf Info: Output file is already uptodate.

<05-hdp/figures/figure_1-eps-converted-to.pdf, id=1120, 598.235pt x 845.1575pt>
File: 05-hdp/figures/figure_1-eps-converted-to.pdf Graphic file (type pdf)
<use 05-hdp/figures/figure_1-eps-converted-to.pdf>
Package pdftex.def Info: 05-hdp/figures/figure_1-eps-converted-to.pdf used on i
nput line 19.
(pdftex.def)             Requested size: 352.8155pt x 498.44516pt.


LaTeX Warning: Citation `Teh2006' on page 47 undefined on input line 27.

[47] [48 <./05-hdp/figures/figure_1-eps-converted-to.pdf>]
(./05-hdp/figures/model_hdp.tex
Missing character: There is no ; in font nullfont!
Missing character: There is no ; in font nullfont!
Missing character: There is no ; in font nullfont!
Missing character: There is no ; in font nullfont!
Missing character: There is no ; in font nullfont!
Missing character: There is no ; in font nullfont!
Missing character: There is no ; in font nullfont!
Missing character: There is no ; in font nullfont!
Missing character: There is no ; in font nullfont!
Missing character: There is no ; in font nullfont!
Missing character: There is no ; in font nullfont!
Missing character: There is no ; in font nullfont!
Missing character: There is no ; in font nullfont!
Missing character: There is no ; in font nullfont!
Missing character: There is no ; in font nullfont!
Missing character: There is no ; in font nullfont!
Missing character: There is no ; in font nullfont!
Missing character: There is no ; in font nullfont!
Missing character: There is no ; in font nullfont!
Missing character: There is no ; in font nullfont!
Missing character: There is no ; in font nullfont!
Missing character: There is no ; in font nullfont!
Missing character: There is no ; in font nullfont!
Missing character: There is no ; in font nullfont!
Missing character: There is no ; in font nullfont!
Missing character: There is no ; in font nullfont!
Missing character: There is no ; in font nullfont!
Missing character: There is no ; in font nullfont!
Missing character: There is no ; in font nullfont!
Missing character: There is no ; in font nullfont!
Missing character: There is no ; in font nullfont!
Missing character: There is no ; in font nullfont!
Missing character: There is no ; in font nullfont!
Missing character: There is no ; in font nullfont!
Missing character: There is no ; in font nullfont!
Missing character: There is no ; in font nullfont!
Missing character: There is no ; in font nullfont!
Missing character: There is no ; in font nullfont!
Missing character: There is no ; in font nullfont!
Missing character: There is no ; in font nullfont!
Missing character: There is no ; in font nullfont!
Missing character: There is no ; in font nullfont!
Missing character: There is no ; in font nullfont!
Missing character: There is no ; in font nullfont!
Missing character: There is no ; in font nullfont!
Missing character: There is no ; in font nullfont!
Missing character: There is no ; in font nullfont!
Missing character: There is no ; in font nullfont!
) [49] [50] [51] [52] [53]

LaTeX Warning: Citation `Lee2013' on page 54 undefined on input line 162.


LaTeX Warning: Citation `Lee2013' on page 54 undefined on input line 164.


LaTeX Warning: Citation `Lee2013' on page 54 undefined on input line 164.

[54]

LaTeX Warning: Citation `Lee2013' on page 55 undefined on input line 166.

Package epstopdf Info: Source file: <05-hdp/figures/figure_3.eps>
(epstopdf)                    date: 2015-01-16 12:34:09
(epstopdf)                    size: 175647 bytes
(epstopdf)             Output file: <05-hdp/figures/figure_3-eps-converted-to.p
df>
(epstopdf)                    date: 2016-03-15 03:46:37
(epstopdf)                    size: 60226 bytes
(epstopdf)             Command: <repstopdf --outfile=05-hdp/figures/figure_3-ep
s-converted-to.pdf 05-hdp/figures/figure_3.eps>
(epstopdf)             \includegraphics on input line 188.
Package epstopdf Info: Output file is already uptodate.

<05-hdp/figures/figure_3-eps-converted-to.pdf, id=1188, 548.0475pt x 664.4825pt
>
File: 05-hdp/figures/figure_3-eps-converted-to.pdf Graphic file (type pdf)
 <use 05-hdp/figures/figure_3-eps-converted-to.pdf>
Package pdftex.def Info: 05-hdp/figures/figure_3-eps-converted-to.pdf used on i
nput line 188.
(pdftex.def)             Requested size: 308.71104pt x 374.30786pt.


LaTeX Warning: Citation `Lee2013' on page 55 undefined on input line 189.


LaTeX Warning: Citation `Lee2013' on page 55 undefined on input line 189.


LaTeX Warning: Reference `tab:parameters' on page 55 undefined on input line 19
7.


LaTeX Warning: Citation `Tsai2013a' on page 55 undefined on input line 197.


LaTeX Warning: Citation `Tsai2013a' on page 55 undefined on input line 197.


LaTeX Warning: Citation `Scheltema2011' on page 55 undefined on input line 197.


[55] [56 <./05-hdp/figures/figure_3-eps-converted-to.pdf>]

LaTeX Warning: Citation `Manning2008' on page 57 undefined on input line 202.

[57]

LaTeX Warning: Citation `Tsai2013a' on page 58 undefined on input line 219.


LaTeX Warning: Reference `tab:parameters' on page 58 undefined on input line 22
6.


LaTeX Warning: Citation `Tsai2013a' on page 58 undefined on input line 226.

[58] [59]
Package epstopdf Info: Source file: <05-hdp/figures/figure_4.eps>
(epstopdf)                    date: 2015-01-12 01:00:40
(epstopdf)                    size: 1226355 bytes
(epstopdf)             Output file: <05-hdp/figures/figure_4-eps-converted-to.p
df>
(epstopdf)                    date: 2016-03-15 03:50:49
(epstopdf)                    size: 209994 bytes
(epstopdf)             Command: <repstopdf --outfile=05-hdp/figures/figure_4-ep
s-converted-to.pdf 05-hdp/figures/figure_4.eps>
(epstopdf)             \includegraphics on input line 280.
Package epstopdf Info: Output file is already uptodate.

<05-hdp/figures/figure_4-eps-converted-to.pdf, id=1234, 578.16pt x 433.62pt>
File: 05-hdp/figures/figure_4-eps-converted-to.pdf Graphic file (type pdf)

<use 05-hdp/figures/figure_4-eps-converted-to.pdf>
Package pdftex.def Info: 05-hdp/figures/figure_4-eps-converted-to.pdf used on i
nput line 280.
(pdftex.def)             Requested size: 441.01772pt x 330.75882pt.
 [60 <./05-hdp/figures/figure_4-eps-converted-to.pdf>]

LaTeX Warning: Citation `Lee2013' on page 61 undefined on input line 291.

Package epstopdf Info: Source file: <05-hdp/figures/figure_5.eps>
(epstopdf)                    date: 2015-01-12 00:03:38
(epstopdf)                    size: 598849 bytes
(epstopdf)             Output file: <05-hdp/figures/figure_5-eps-converted-to.p
df>
(epstopdf)                    date: 2016-03-15 03:50:50
(epstopdf)                    size: 97663 bytes
(epstopdf)             Command: <repstopdf --outfile=05-hdp/figures/figure_5-ep
s-converted-to.pdf 05-hdp/figures/figure_5.eps>
(epstopdf)             \includegraphics on input line 294.
Package epstopdf Info: Output file is already uptodate.
<05-hdp/figures/figure_5-eps-converted-to.pdf, id=1253, 578.16pt x 433.62pt>
File: 05-hdp/figures/figure_5-eps-converted-to.pdf Graphic file (type pdf)

<use 05-hdp/figures/figure_5-eps-converted-to.pdf>
Package pdftex.def Info: 05-hdp/figures/figure_5-eps-converted-to.pdf used on i
nput line 294.
(pdftex.def)             Requested size: 441.01772pt x 330.75882pt.
Package epstopdf Info: Source file: <05-hdp/figures/figure_6.eps>
(epstopdf)                    date: 2015-01-12 01:28:23
(epstopdf)                    size: 837680 bytes
(epstopdf)             Output file: <05-hdp/figures/figure_6-eps-converted-to.p
df>
(epstopdf)                    date: 2016-03-15 03:50:51
(epstopdf)                    size: 82857 bytes
(epstopdf)             Command: <repstopdf --outfile=05-hdp/figures/figure_6-ep
s-converted-to.pdf 05-hdp/figures/figure_6.eps>
(epstopdf)             \includegraphics on input line 299.
Package epstopdf Info: Output file is already uptodate.

<05-hdp/figures/figure_6-eps-converted-to.pdf, id=1256, 578.16pt x 433.62pt>
File: 05-hdp/figures/figure_6-eps-converted-to.pdf Graphic file (type pdf)

<use 05-hdp/figures/figure_6-eps-converted-to.pdf>
Package pdftex.def Info: 05-hdp/figures/figure_6-eps-converted-to.pdf used on i
nput line 299.
(pdftex.def)             Requested size: 441.01772pt x 330.75882pt.
Package epstopdf Info: Source file: <05-hdp/figures/figure_7.eps>
(epstopdf)                    date: 2015-01-14 01:59:24
(epstopdf)                    size: 437484 bytes
(epstopdf)             Output file: <05-hdp/figures/figure_7-eps-converted-to.p
df>
(epstopdf)                    date: 2016-03-15 03:50:51
(epstopdf)                    size: 135516 bytes
(epstopdf)             Command: <repstopdf --outfile=05-hdp/figures/figure_7-ep
s-converted-to.pdf 05-hdp/figures/figure_7.eps>
(epstopdf)             \includegraphics on input line 304.
Package epstopdf Info: Output file is already uptodate.

<05-hdp/figures/figure_7-eps-converted-to.pdf, id=1257, 688.5725pt x 723.70375p
t>
File: 05-hdp/figures/figure_7-eps-converted-to.pdf Graphic file (type pdf)
 <use 05-hdp/figures/figure_7-eps-converted-to.pdf>
Package pdftex.def Info: 05-hdp/figures/figure_7-eps-converted-to.pdf used on i
nput line 304.
(pdftex.def)             Requested size: 441.01772pt x 463.52219pt.
 [61] [62 <./05-hdp/figures/figure_5-eps-converted-to.pdf>] [63 <./05-hdp/figur
es/figure_6-eps-converted-to.pdf>] [64 <./05-hdp/figures/figure_7-eps-converted
-to.pdf>]

LaTeX Warning: Citation `Smith2013a' on page 65 undefined on input line 321.

[65]

LaTeX Warning: Citation `Lovell2012' on page 66 undefined on input line 323.

) (./06-precursor-cluster/chapter_06.tex [66]
Chapter 6.

LaTeX Warning: Citation `Smith2015' on page 67 undefined on input line 8.


LaTeX Warning: Citation `Wandy2015' on page 67 undefined on input line 8.


LaTeX Warning: Citation `Wandy2015' on page 67 undefined on input line 8.

[67

] [68]
<06-precursor-cluster/figures/fig1.pdf, id=1309, 1195.46625pt x 1517.67pt>
File: 06-precursor-cluster/figures/fig1.pdf Graphic file (type pdf)

<use 06-precursor-cluster/figures/fig1.pdf>
Package pdftex.def Info: 06-precursor-cluster/figures/fig1.pdf used on input li
ne 21.
(pdftex.def)             Requested size: 441.01772pt x 559.88492pt.


LaTeX Warning: Float too large for page by 197.48285pt on input line 23.

[69] [70 <./06-precursor-cluster/figures/fig1.pdf>] [71]

LaTeX Warning: Citation `Rogers2011' on page 72 undefined on input line 56.

[72]

LaTeX Warning: Citation `Wandy2015' on page 73 undefined on input line 66.


LaTeX Warning: Citation `Maximum2011' on page 73 undefined on input line 66.


LaTeX Warning: Citation `Wandy2015' on page 73 undefined on input line 66.

[73] [74] [75] [76]

LaTeX Warning: Citation `Wandy2015' on page 77 undefined on input line 115.


LaTeX Warning: Citation `Wandy2015' on page 77 undefined on input line 123.

[77]

LaTeX Warning: Citation `Wandy2015' on page 78 undefined on input line 125.

[78]

LaTeX Warning: Citation `Wandy2015' on page 79 undefined on input line 141.


LaTeX Warning: Citation `Wandy2015' on page 79 undefined on input line 143.

[79]

LaTeX Warning: Citation `Wandy2015' on page 80 undefined on input line 151.


LaTeX Warning: Reference `Tab:transformation' on page 80 undefined on input lin
e 153.

[80] <06-precursor-cluster/figures/fig2.pdf, id=1468, 1300.86pt x 867.24pt>
File: 06-precursor-cluster/figures/fig2.pdf Graphic file (type pdf)

<use 06-precursor-cluster/figures/fig2.pdf>
Package pdftex.def Info: 06-precursor-cluster/figures/fig2.pdf used on input li
ne 175.
(pdftex.def)             Requested size: 441.01772pt x 294.01079pt.

<06-precursor-cluster/figures/fig3.pdf, id=1474, 1156.32pt x 397.485pt>
File: 06-precursor-cluster/figures/fig3.pdf Graphic file (type pdf)

<use 06-precursor-cluster/figures/fig3.pdf>
Package pdftex.def Info: 06-precursor-cluster/figures/fig3.pdf used on input li
ne 182.
(pdftex.def)             Requested size: 441.01772pt x 151.5978pt.
 [81] [82 <./06-precursor-cluster/figures/fig2.pdf>]
<06-precursor-cluster/figures/fig4.pdf, id=1491, 867.24pt x 433.62pt>
File: 06-precursor-cluster/figures/fig4.pdf Graphic file (type pdf)

<use 06-precursor-cluster/figures/fig4.pdf>
Package pdftex.def Info: 06-precursor-cluster/figures/fig4.pdf used on input li
ne 193.
(pdftex.def)             Requested size: 441.01772pt x 220.50809pt.


LaTeX Warning: Reference `Tab:standard-results' on page 83 undefined on input l
ine 197.


LaTeX Warning: Reference `Tab:beer-results' on page 83 undefined on input line 
197.


LaTeX Warning: Reference `Tab:standard-results' on page 83 undefined on input l
ine 197.


LaTeX Warning: Reference `Tab:standard-results' on page 83 undefined on input l
ine 197.

[83 <./06-precursor-cluster/figures/fig3.pdf>]

LaTeX Warning: Reference `Tab:standard-results' on page 84 undefined on input l
ine 199.


LaTeX Warning: Reference `Tab:beer-results' on page 84 undefined on input line 
199.


LaTeX Warning: Reference `Tab:standard-results' on page 84 undefined on input l
ine 199.


LaTeX Warning: Reference `Tab:beer-results' on page 84 undefined on input line 
199.

[84 <./06-precursor-cluster/figures/fig4.pdf>] [85]

LaTeX Warning: Citation `[' on page 86 undefined on input line 297.

) (./07-lda/chapter_07.tex [86]
Chapter 7.
) (./08-conclusion/chapter_08.tex [87

]
Chapter 8.
) (./AA-appendix/appendix.tex [88

]
Appendix A.
) [89

] (./footer.tex (./dissertation.bbl
Missing character: There is no  in font ptmr7t!
Missing character: There is no  in font ptmr7t!
Missing character: There is no  in font ptmr7t!
 [90

] [91] [92] [93] [94]) [95]
Package atveryend Info: Empty hook `BeforeClearDocument' on input line 7.
Package atveryend Info: Empty hook `AfterLastShipout' on input line 7.

(./dissertation.aux)
Package atveryend Info: Executing hook `AtVeryEndDocument' on input line 7.
Package atveryend Info: Executing hook `AtEndAfterFileList' on input line 7.
Package rerunfilecheck Info: File `dissertation.out' has not changed.
(rerunfilecheck)             Checksum: 8F85C5B46E656586AC1A6E640460D412;6334.


LaTeX Warning: There were undefined references.


LaTeX Warning: There were multiply-defined labels.

Package atveryend Info: Empty hook `AtVeryVeryEnd' on input line 7.
 ) ) 
Here is how much of TeX's memory you used:
 28910 strings out of 493089
 562913 string characters out of 6134843
 668324 words of memory out of 5000000
 31468 multiletter control sequences out of 15000+600000
 56664 words of font info for 114 fonts, out of 8000000 for 9000
 1145 hyphenation exceptions out of 8191
 64i,21n,94p,10429b,924s stack positions out of 5000i,500n,10000p,200000b,80000s
{/usr/local/texlive/2015/texmf-dist/fonts/enc/dvips/base/8r.enc}</usr/local
/texlive/2015/texmf-dist/fonts/type1/public/amsfonts/cm/cmbx12.pfb></usr/local/
texlive/2015/texmf-dist/fonts/type1/public/amsfonts/cm/cmex10.pfb></usr/local/t
exlive/2015/texmf-dist/fonts/type1/public/amsfonts/cmextra/cmex8.pfb></usr/loca
l/texlive/2015/texmf-dist/fonts/type1/public/amsfonts/cm/cmmi10.pfb></usr/local
/texlive/2015/texmf-dist/fonts/type1/public/amsfonts/cm/cmmi12.pfb></usr/local/
texlive/2015/texmf-dist/fonts/type1/public/amsfonts/cm/cmmi6.pfb></usr/local/te
xlive/2015/texmf-dist/fonts/type1/public/amsfonts/cm/cmmi7.pfb></usr/local/texl
ive/2015/texmf-dist/fonts/type1/public/amsfonts/cm/cmmi8.pfb></usr/local/texliv
e/2015/texmf-dist/fonts/type1/public/amsfonts/cm/cmmib10.pfb></usr/local/texliv
e/2015/texmf-dist/fonts/type1/public/amsfonts/cmextra/cmmib8.pfb></usr/local/te
xlive/2015/texmf-dist/fonts/type1/public/amsfonts/cm/cmr10.pfb></usr/local/texl
ive/2015/texmf-dist/fonts/type1/public/amsfonts/cm/cmr12.pfb></usr/local/texliv
e/2015/texmf-dist/fonts/type1/public/amsfonts/cm/cmr7.pfb></usr/local/texlive/2
015/texmf-dist/fonts/type1/public/amsfonts/cm/cmr8.pfb></usr/local/texlive/2015
/texmf-dist/fonts/type1/public/amsfonts/cm/cmss8.pfb></usr/local/texlive/2015/t
exmf-dist/fonts/type1/public/amsfonts/cm/cmsy10.pfb></usr/local/texlive/2015/te
xmf-dist/fonts/type1/public/amsfonts/cm/cmsy6.pfb></usr/local/texlive/2015/texm
f-dist/fonts/type1/public/amsfonts/cm/cmsy7.pfb></usr/local/texlive/2015/texmf-
dist/fonts/type1/public/amsfonts/cm/cmsy8.pfb></usr/local/texlive/2015/texmf-di
st/fonts/type1/urw/helvetic/uhvb8a.pfb></usr/local/texlive/2015/texmf-dist/font
s/type1/urw/times/utmb8a.pfb></usr/local/texlive/2015/texmf-dist/fonts/type1/ur
w/times/utmbi8a.pfb></usr/local/texlive/2015/texmf-dist/fonts/type1/urw/times/u
tmr8a.pfb></usr/local/texlive/2015/texmf-dist/fonts/type1/urw/times/utmr8a.pfb>
</usr/local/texlive/2015/texmf-dist/fonts/type1/urw/times/utmri8a.pfb>
Output written on dissertation.pdf (108 pages, 2936227 bytes).
PDF statistics:
 1758 PDF objects out of 2073 (max. 8388607)
 1549 compressed objects within 16 object streams
 336 named destinations out of 1000 (max. 500000)
 781 words of extra memory for PDF output out of 10000 (max. 10000000)

