\BOOKMARK [0][-]{chapter.1}{Introduction}{}% 1
\BOOKMARK [1][-]{section.1.1}{Thesis Statement}{chapter.1}% 2
\BOOKMARK [1][-]{section.1.2}{Overview of Thesis and Research Contributions}{chapter.1}% 3
\BOOKMARK [0][-]{chapter.2}{Computational Biology}{}% 4
\BOOKMARK [1][-]{section.2.1}{Computational Biology}{chapter.2}% 5
\BOOKMARK [1][-]{section.2.2}{Measurement Technologies}{chapter.2}% 6
\BOOKMARK [1][-]{section.2.3}{LC-MS Analysis in Metabolomics}{chapter.2}% 7
\BOOKMARK [2][-]{subsection.2.3.1}{Raw Data Importing \046 Peak Detection}{section.2.3}% 8
\BOOKMARK [2][-]{subsection.2.3.2}{Peak Alignment}{section.2.3}% 9
\BOOKMARK [2][-]{subsection.2.3.3}{Gap Filling \046 Noise Filtering}{section.2.3}% 10
\BOOKMARK [2][-]{subsection.2.3.4}{Peak Grouping}{section.2.3}% 11
\BOOKMARK [2][-]{subsection.2.3.5}{Peak Identification}{section.2.3}% 12
\BOOKMARK [2][-]{subsection.2.3.6}{Analysis}{section.2.3}% 13
\BOOKMARK [2][-]{subsection.2.3.7}{Mass Spectrometry Analysis in Proteomics}{section.2.3}% 14
\BOOKMARK [1][-]{section.2.4}{Conclusion}{chapter.2}% 15
\BOOKMARK [0][-]{chapter.3}{Machine Learning Background}{}% 16
\BOOKMARK [1][-]{section.3.1}{Probabilities}{chapter.3}% 17
\BOOKMARK [1][-]{section.3.2}{Markov chain Monte Carlo methods}{chapter.3}% 18
\BOOKMARK [1][-]{section.3.3}{Mixture model clustering}{chapter.3}% 19
\BOOKMARK [1][-]{section.3.4}{Dirichlet Process mixture model clustering}{chapter.3}% 20
\BOOKMARK [1][-]{section.3.5}{Hierarchical Dirichlet Process mixture model clustering}{chapter.3}% 21
\BOOKMARK [1][-]{section.3.6}{Latent Dirichet Allocation}{chapter.3}% 22
\BOOKMARK [0][-]{chapter.4}{Incorporating Clustering Information into Peak Alignment}{}% 23
\BOOKMARK [1][-]{section.4.1}{Introduction}{chapter.4}% 24
\BOOKMARK [1][-]{section.4.2}{Related Work}{chapter.4}% 25
\BOOKMARK [1][-]{section.4.3}{A Direct Matching Method That Incorporates Clustering Information}{chapter.4}% 26
\BOOKMARK [2][-]{subsection.4.3.1}{Feature Similarity}{section.4.3}% 27
\BOOKMARK [2][-]{subsection.4.3.2}{Combining Related Peak Information}{section.4.3}% 28
\BOOKMARK [2][-]{subsection.4.3.3}{Greedy Clustering of IP peaks}{section.4.3}% 29
\BOOKMARK [2][-]{subsection.4.3.4}{Mixture Model Clustering of IP peaks}{section.4.3}% 30
\BOOKMARK [1][-]{section.4.4}{Evaluation Study}{chapter.4}% 31
\BOOKMARK [2][-]{subsection.4.4.1}{Proteomic Datasets}{section.4.4}% 32
\BOOKMARK [2][-]{subsection.4.4.2}{Metabolomic Datasets}{section.4.4}% 33
\BOOKMARK [2][-]{subsection.4.4.3}{Glycomic Dataset}{section.4.4}% 34
\BOOKMARK [2][-]{subsection.4.4.4}{Experimental setup}{section.4.4}% 35
\BOOKMARK [2][-]{subsection.4.4.5}{Other Alignment Tools For Comparison}{section.4.4}% 36
\BOOKMARK [2][-]{subsection.4.4.6}{Parameter Optimisation}{section.4.4}% 37
\BOOKMARK [1][-]{section.4.5}{Results and Discussions}{chapter.4}% 38
\BOOKMARK [2][-]{subsection.4.5.1}{Proteomics Experiments}{section.4.5}% 39
\BOOKMARK [2][-]{subsection.4.5.2}{Metabolomic and Glycomic Datasets}{section.4.5}% 40
\BOOKMARK [2][-]{subsection.4.5.3}{Running Time}{section.4.5}% 41
\BOOKMARK [1][-]{section.4.6}{Conclusion}{chapter.4}% 42
\BOOKMARK [0][-]{chapter.5}{Precursor Clustering of Ionisation Product Peaks}{}% 43
\BOOKMARK [1][-]{section.5.1}{Introduction}{chapter.5}% 44
\BOOKMARK [1][-]{section.5.2}{Related Work}{chapter.5}% 45
\BOOKMARK [1][-]{section.5.3}{Methods}{chapter.5}% 46
\BOOKMARK [2][-]{subsection.5.3.1}{PrecursorCluster: clustering of ionization product peaks}{section.5.3}% 47
\BOOKMARK [2][-]{subsection.5.3.2}{Cluster-Match: direct matching of ionization product clusters}{section.5.3}% 48
\BOOKMARK [2][-]{subsection.5.3.3}{Cluster-Cluster: across-run clustering of ionization product clusters}{section.5.3}% 49
\BOOKMARK [1][-]{section.5.4}{Evaluation Study}{chapter.5}% 50
\BOOKMARK [2][-]{subsection.5.4.1}{Evaluation Datasets}{section.5.4}% 51
\BOOKMARK [2][-]{subsection.5.4.2}{Performance Measures}{section.5.4}% 52
\BOOKMARK [2][-]{subsection.5.4.3}{Evaluation Procedure}{section.5.4}% 53
\BOOKMARK [2][-]{subsection.5.4.4}{Parameter Optimization}{section.5.4}% 54
\BOOKMARK [1][-]{section.5.5}{Results and Discussions}{chapter.5}% 55
\BOOKMARK [2][-]{subsection.5.5.1}{Ionization Product Clustering from PrecursorCluster}{section.5.5}% 56
\BOOKMARK [2][-]{subsection.5.5.2}{Improved Alignment Performance from Cluster-Match}{section.5.5}% 57
\BOOKMARK [2][-]{subsection.5.5.3}{Probabilistic Matching Results from Cluster-Cluster}{section.5.5}% 58
\BOOKMARK [2][-]{subsection.5.5.4}{Running time}{section.5.5}% 59
\BOOKMARK [1][-]{section.5.6}{Conclusions}{chapter.5}% 60
\BOOKMARK [0][-]{chapter.6}{Hierarchical Clustering of LC-MS Peaks}{}% 61
\BOOKMARK [1][-]{section.6.1}{Introduction}{chapter.6}% 62
\BOOKMARK [1][-]{section.6.2}{Related Work}{chapter.6}% 63
\BOOKMARK [1][-]{section.6.3}{Hierarchical Dirichlet Process Mixture Model for Alignment}{chapter.6}% 64
\BOOKMARK [1][-]{section.6.4}{Inference}{chapter.6}% 65
\BOOKMARK [2][-]{subsection.6.4.1}{Updating peak assignments}{section.6.4}% 66
\BOOKMARK [2][-]{subsection.6.4.2}{Updating instantiated variables}{section.6.4}% 67
\BOOKMARK [2][-]{subsection.6.4.3}{Using the Inference Results}{section.6.4}% 68
\BOOKMARK [2][-]{subsection.6.4.4}{Isotopic Product and Metabolite Identity Annotations}{section.6.4}% 69
\BOOKMARK [1][-]{section.6.5}{Evaluation Study}{chapter.6}% 70
\BOOKMARK [2][-]{subsection.6.5.1}{Evaluation Datasets}{section.6.5}% 71
\BOOKMARK [2][-]{subsection.6.5.2}{Baseline Methods for Evaluation}{section.6.5}% 72
\BOOKMARK [2][-]{subsection.6.5.3}{Parameter Optimisations}{section.6.5}% 73
\BOOKMARK [1][-]{section.6.6}{Results and Discussions}{chapter.6}% 74
\BOOKMARK [2][-]{subsection.6.6.1}{Proteomic \(P1\) Results}{section.6.6}% 75
\BOOKMARK [2][-]{subsection.6.6.2}{Glycomic and Metabolomic Results}{section.6.6}% 76
\BOOKMARK [1][-]{section.6.7}{Conclusion}{chapter.6}% 77
\BOOKMARK [0][-]{chapter.7}{Substructure Discovery in Tandem Mass Spectometry Data}{}% 78
\BOOKMARK [1][-]{section.7.1}{Introduction}{chapter.7}% 79
\BOOKMARK [1][-]{section.7.2}{Related Work}{chapter.7}% 80
\BOOKMARK [1][-]{section.7.3}{Statement of Original Work}{chapter.7}% 81
\BOOKMARK [1][-]{section.7.4}{A Workflow for Substructure Discoveries and Annotations}{chapter.7}% 82
\BOOKMARK [1][-]{section.7.5}{Evaluation Study}{chapter.7}% 83
\BOOKMARK [2][-]{subsection.7.5.1}{Evaluation Dataset}{section.7.5}% 84
\BOOKMARK [2][-]{subsection.7.5.2}{Model Comparison}{section.7.5}% 85
\BOOKMARK [2][-]{subsection.7.5.3}{Biochemical Analysis}{section.7.5}% 86
\BOOKMARK [1][-]{section.7.6}{Results \046 Discussions}{chapter.7}% 87
\BOOKMARK [2][-]{subsection.7.6.1}{Model Comparison}{section.7.6}% 88
\BOOKMARK [2][-]{subsection.7.6.2}{Biochemical Analysis }{section.7.6}% 89
\BOOKMARK [1][-]{section.7.7}{Substructure Discoveries Across Many Fragmentation Files}{chapter.7}% 90
\BOOKMARK [2][-]{subsection.7.7.1}{Multi-file LDA Model}{section.7.7}% 91
\BOOKMARK [2][-]{subsection.7.7.2}{Results \046 Discussion}{section.7.7}% 92
\BOOKMARK [1][-]{section.7.8}{Conclusion}{chapter.7}% 93
\BOOKMARK [0][-]{chapter.8}{Conclusion}{}% 94
\BOOKMARK [1][-]{section.8.1}{Summary of Contributions}{chapter.8}% 95
\BOOKMARK [1][-]{section.8.2}{Future Work}{chapter.8}% 96
\BOOKMARK [1][-]{section.8.3}{Summary and Conclusions}{chapter.8}% 97
\BOOKMARK [0][-]{appendix.A}{An Appendix}{}% 98
\BOOKMARK [0][-]{appendix.A}{Bibliography}{}% 99
